#-----------------------------------------------------------
# Vivado v2018.3 (64-bit)
# SW Build 2405991 on Thu Dec  6 23:38:27 MST 2018
# IP Build 2404404 on Fri Dec  7 01:43:56 MST 2018
# Start of session at: Thu Mar 14 14:25:33 2019
# Process ID: 18032
# Current directory: C:/Users/Mert Akin/Documents/GITHUB/lab4-PriorityEncoders_ROM/4ROMpattern
# Command line: vivado.exe -gui_launcher_event rodinguilauncherevent21060 C:\Users\Mert Akin\Documents\GITHUB\lab4-PriorityEncoders_ROM\4ROMpattern\4ROMpattern.xpr
# Log file: C:/Users/Mert Akin/Documents/GITHUB/lab4-PriorityEncoders_ROM/4ROMpattern/vivado.log
# Journal file: C:/Users/Mert Akin/Documents/GITHUB/lab4-PriorityEncoders_ROM/4ROMpattern\vivado.jou
#-----------------------------------------------------------
start_gui
open_project {C:/Users/Mert Akin/Documents/GITHUB/lab4-PriorityEncoders_ROM/4ROMpattern/4ROMpattern.xpr}
INFO: [Project 1-313] Project file moved from 'C:/Users/FoersterGame/Documents/GitHub/ENES247/lab3-PriorityEncoders_ROM/4ROMpattern' since last save.
Scanning sources...
Finished scanning sources
WARNING: [filemgmt 56-2] IPUserFilesDir: Could not find the directory 'C:/Users/Mert Akin/Documents/GITHUB/lab4-PriorityEncoders_ROM/4ROMpattern/4ROMpattern.ip_user_files', nor could it be found using path 'C:/Users/FoersterGame/Documents/GitHub/ENES247/lab3-PriorityEncoders_ROM/4ROMpattern/4ROMpattern.ip_user_files'.
INFO: [IP_Flow 19-234] Refreshing IP repositories
INFO: [IP_Flow 19-1704] No user IP repositories specified
INFO: [IP_Flow 19-2313] Loaded Vivado IP repository 'E:/Xilinx/Vivado/2018.3/data/ip'.
open_project: Time (s): cpu = 00:00:19 ; elapsed = 00:00:18 . Memory (MB): peak = 705.875 ; gain = 123.734
update_compile_order -fileset sources_1
open_hw
connect_hw_server
INFO: [Labtools 27-2285] Connecting to hw_server url TCP:localhost:3121
INFO: [Labtools 27-2222] Launching hw_server...
INFO: [Labtools 27-2221] Launch Output:

****** Xilinx hw_server v2018.3
  **** Build date : Dec  7 2018-00:40:27
    ** Copyright 1986-2018 Xilinx, Inc. All Rights Reserved.


open_hw_target
INFO: [Labtoolstcl 44-466] Opening hw_target localhost:3121/xilinx_tcf/Digilent/210292A6EEBBA
current_hw_device [get_hw_devices xc7a100t_0]
refresh_hw_device -update_hw_probes false [lindex [get_hw_devices xc7a100t_0] 0]
INFO: [Labtools 27-1434] Device xc7a100t (JTAG device index = 0) is programmed with a design that has no supported debug core(s) in it.
reset_run synth_1
launch_runs impl_1 -to_step write_bitstream -jobs 4
[Thu Mar 14 14:30:28 2019] Launched synth_1...
Run output will be captured here: C:/Users/Mert Akin/Documents/GITHUB/lab4-PriorityEncoders_ROM/4ROMpattern/4ROMpattern.runs/synth_1/runme.log
[Thu Mar 14 14:30:28 2019] Launched impl_1...
Run output will be captured here: C:/Users/Mert Akin/Documents/GITHUB/lab4-PriorityEncoders_ROM/4ROMpattern/4ROMpattern.runs/impl_1/runme.log
set_property PROBES.FILE {} [get_hw_devices xc7a100t_0]
set_property FULL_PROBES.FILE {} [get_hw_devices xc7a100t_0]
set_property PROGRAM.FILE {C:/Users/Mert Akin/Documents/GITHUB/lab4-PriorityEncoders_ROM/4ROMpattern/4ROMpattern.runs/impl_1/rom_16_3_behavior.bit} [get_hw_devices xc7a100t_0]
program_hw_devices [get_hw_devices xc7a100t_0]
INFO: [Labtools 27-3164] End of startup status: HIGH
refresh_hw_device [lindex [get_hw_devices xc7a100t_0] 0]
INFO: [Labtools 27-1434] Device xc7a100t (JTAG device index = 0) is programmed with a design that has no supported debug core(s) in it.
synth_design -rtl -name rtl_1
Command: synth_design -rtl -name rtl_1
Starting synth_design
Using part: xc7a100tcsg324-1
Top: rom_16_3_behavior
---------------------------------------------------------------------------------
Starting RTL Elaboration : Time (s): cpu = 00:00:03 ; elapsed = 00:00:03 . Memory (MB): peak = 1748.117 ; gain = 68.352
---------------------------------------------------------------------------------
INFO: [Synth 8-6157] synthesizing module 'rom_16_3_behavior' [C:/Users/Mert Akin/Documents/GITHUB/lab4-PriorityEncoders_ROM/4ROMpattern/4ROMpattern.srcs/sources_1/imports/4ROMpattern/rom_16_3_behavior.v:6]
INFO: [Synth 8-3876] $readmem data file 'ROM_16_3_behavior.txt' is read successfully [C:/Users/Mert Akin/Documents/GITHUB/lab4-PriorityEncoders_ROM/4ROMpattern/4ROMpattern.srcs/sources_1/imports/4ROMpattern/rom_16_3_behavior.v:24]
INFO: [Synth 8-6155] done synthesizing module 'rom_16_3_behavior' (1#1) [C:/Users/Mert Akin/Documents/GITHUB/lab4-PriorityEncoders_ROM/4ROMpattern/4ROMpattern.srcs/sources_1/imports/4ROMpattern/rom_16_3_behavior.v:6]
---------------------------------------------------------------------------------
Finished RTL Elaboration : Time (s): cpu = 00:00:03 ; elapsed = 00:00:04 . Memory (MB): peak = 1786.129 ; gain = 106.363
---------------------------------------------------------------------------------

Report Check Netlist: 
+------+------------------+-------+---------+-------+------------------+
|      |Item              |Errors |Warnings |Status |Description       |
+------+------------------+-------+---------+-------+------------------+
|1     |multi_driven_nets |      0|        0|Passed |Multi driven nets |
+------+------------------+-------+---------+-------+------------------+
---------------------------------------------------------------------------------
Start Handling Custom Attributes
---------------------------------------------------------------------------------
---------------------------------------------------------------------------------
Finished Handling Custom Attributes : Time (s): cpu = 00:00:04 ; elapsed = 00:00:04 . Memory (MB): peak = 1786.129 ; gain = 106.363
---------------------------------------------------------------------------------
---------------------------------------------------------------------------------
Finished RTL Optimization Phase 1 : Time (s): cpu = 00:00:04 ; elapsed = 00:00:04 . Memory (MB): peak = 1786.129 ; gain = 106.363
---------------------------------------------------------------------------------
INFO: [Device 21-403] Loading part xc7a100tcsg324-1
INFO: [Project 1-570] Preparing netlist for logic optimization

Processing XDC Constraints
Initializing timing engine
Parsing XDC File [C:/Users/Mert Akin/Documents/GITHUB/lab4-PriorityEncoders_ROM/4ROMpattern/4ROMpattern.srcs/constrs_1/imports/4ROMpattern/Nexys4DDR_Master.xdc]
Finished Parsing XDC File [C:/Users/Mert Akin/Documents/GITHUB/lab4-PriorityEncoders_ROM/4ROMpattern/4ROMpattern.srcs/constrs_1/imports/4ROMpattern/Nexys4DDR_Master.xdc]
Completed Processing XDC Constraints

INFO: [Opt 31-138] Pushed 0 inverter(s) to 0 load pin(s).
Netlist sorting complete. Time (s): cpu = 00:00:00 ; elapsed = 00:00:00 . Memory (MB): peak = 2041.098 ; gain = 0.000
INFO: [Project 1-111] Unisim Transformation Summary:
No Unisim elements were transformed.

RTL Elaboration Complete:  : Time (s): cpu = 00:00:33 ; elapsed = 00:00:30 . Memory (MB): peak = 2176.797 ; gain = 497.031
7 Infos, 0 Warnings, 0 Critical Warnings and 0 Errors encountered.
synth_design completed successfully
synth_design: Time (s): cpu = 00:00:33 ; elapsed = 00:00:30 . Memory (MB): peak = 2176.797 ; gain = 497.031
close_design
open_run synth_1 -name synth_1
Design is defaulting to impl run constrset: constrs_1
Design is defaulting to synth run part: xc7a100tcsg324-1
INFO: [Project 1-479] Netlist was created with Vivado 2018.3
INFO: [Project 1-570] Preparing netlist for logic optimization
Parsing XDC File [C:/Users/Mert Akin/Documents/GITHUB/lab4-PriorityEncoders_ROM/4ROMpattern/4ROMpattern.srcs/constrs_1/imports/4ROMpattern/Nexys4DDR_Master.xdc]
Finished Parsing XDC File [C:/Users/Mert Akin/Documents/GITHUB/lab4-PriorityEncoders_ROM/4ROMpattern/4ROMpattern.srcs/constrs_1/imports/4ROMpattern/Nexys4DDR_Master.xdc]
INFO: [Opt 31-138] Pushed 0 inverter(s) to 0 load pin(s).
Netlist sorting complete. Time (s): cpu = 00:00:00 ; elapsed = 00:00:00 . Memory (MB): peak = 2196.617 ; gain = 0.000
INFO: [Project 1-111] Unisim Transformation Summary:
No Unisim elements were transformed.

open_run: Time (s): cpu = 00:00:11 ; elapsed = 00:00:05 . Memory (MB): peak = 2213.555 ; gain = 16.938
close_design
close_design: Time (s): cpu = 00:00:07 ; elapsed = 00:00:07 . Memory (MB): peak = 2826.664 ; gain = 418.324
open_run impl_1
INFO: [Project 1-479] Netlist was created with Vivado 2018.3
INFO: [Project 1-570] Preparing netlist for logic optimization
INFO: [Timing 38-478] Restoring timing data from binary archive.
INFO: [Timing 38-479] Binary timing data restore complete.
INFO: [Project 1-856] Restoring constraints from binary archive.
INFO: [Project 1-853] Binary constraint restore complete.
Reading XDEF placement.
Reading placer database...
Reading XDEF routing.
Read XDEF File: Time (s): cpu = 00:00:00 ; elapsed = 00:00:00.092 . Memory (MB): peak = 2826.664 ; gain = 0.000
Restored from archive | CPU: 0.000000 secs | Memory: 0.000000 MB |
Finished XDEF File Restore: Time (s): cpu = 00:00:00 ; elapsed = 00:00:00.093 . Memory (MB): peak = 2826.664 ; gain = 0.000
Netlist sorting complete. Time (s): cpu = 00:00:00 ; elapsed = 00:00:00.001 . Memory (MB): peak = 2826.664 ; gain = 0.000
INFO: [Project 1-111] Unisim Transformation Summary:
No Unisim elements were transformed.

WARNING: [Timing 38-313] There are no user specified timing constraints. Timing constraints are needed for proper timing analysis.
open_run synth_1 -name synth_1
Design is defaulting to impl run constrset: constrs_1
Design is defaulting to synth run part: xc7a100tcsg324-1
INFO: [Project 1-479] Netlist was created with Vivado 2018.3
INFO: [Project 1-570] Preparing netlist for logic optimization
Parsing XDC File [C:/Users/Mert Akin/Documents/GITHUB/lab4-PriorityEncoders_ROM/4ROMpattern/4ROMpattern.srcs/constrs_1/imports/4ROMpattern/Nexys4DDR_Master.xdc]
Finished Parsing XDC File [C:/Users/Mert Akin/Documents/GITHUB/lab4-PriorityEncoders_ROM/4ROMpattern/4ROMpattern.srcs/constrs_1/imports/4ROMpattern/Nexys4DDR_Master.xdc]
INFO: [Opt 31-138] Pushed 0 inverter(s) to 0 load pin(s).
Netlist sorting complete. Time (s): cpu = 00:00:00 ; elapsed = 00:00:00 . Memory (MB): peak = 3279.828 ; gain = 0.000
INFO: [Project 1-111] Unisim Transformation Summary:
No Unisim elements were transformed.

open_run: Time (s): cpu = 00:00:07 ; elapsed = 00:00:05 . Memory (MB): peak = 3279.992 ; gain = 53.641
synth_design -rtl -name rtl_1
Command: synth_design -rtl -name rtl_1
Starting synth_design
Using part: xc7a100tcsg324-1
Top: rom_16_3_behavior
---------------------------------------------------------------------------------
Starting RTL Elaboration : Time (s): cpu = 00:00:03 ; elapsed = 00:00:03 . Memory (MB): peak = 3279.992 ; gain = 0.000
---------------------------------------------------------------------------------
INFO: [Synth 8-6157] synthesizing module 'rom_16_3_behavior' [C:/Users/Mert Akin/Documents/GITHUB/lab4-PriorityEncoders_ROM/4ROMpattern/4ROMpattern.srcs/sources_1/imports/4ROMpattern/rom_16_3_behavior.v:6]
INFO: [Synth 8-3876] $readmem data file 'ROM_16_3_behavior.txt' is read successfully [C:/Users/Mert Akin/Documents/GITHUB/lab4-PriorityEncoders_ROM/4ROMpattern/4ROMpattern.srcs/sources_1/imports/4ROMpattern/rom_16_3_behavior.v:24]
INFO: [Synth 8-6155] done synthesizing module 'rom_16_3_behavior' (1#1) [C:/Users/Mert Akin/Documents/GITHUB/lab4-PriorityEncoders_ROM/4ROMpattern/4ROMpattern.srcs/sources_1/imports/4ROMpattern/rom_16_3_behavior.v:6]
---------------------------------------------------------------------------------
Finished RTL Elaboration : Time (s): cpu = 00:00:04 ; elapsed = 00:00:04 . Memory (MB): peak = 3279.992 ; gain = 0.000
---------------------------------------------------------------------------------

Report Check Netlist: 
+------+------------------+-------+---------+-------+------------------+
|      |Item              |Errors |Warnings |Status |Description       |
+------+------------------+-------+---------+-------+------------------+
|1     |multi_driven_nets |      0|        0|Passed |Multi driven nets |
+------+------------------+-------+---------+-------+------------------+
---------------------------------------------------------------------------------
Start Handling Custom Attributes
---------------------------------------------------------------------------------
---------------------------------------------------------------------------------
Finished Handling Custom Attributes : Time (s): cpu = 00:00:04 ; elapsed = 00:00:04 . Memory (MB): peak = 3279.992 ; gain = 0.000
---------------------------------------------------------------------------------
---------------------------------------------------------------------------------
Finished RTL Optimization Phase 1 : Time (s): cpu = 00:00:04 ; elapsed = 00:00:04 . Memory (MB): peak = 3279.992 ; gain = 0.000
---------------------------------------------------------------------------------
INFO: [Project 1-570] Preparing netlist for logic optimization

Processing XDC Constraints
Initializing timing engine
Parsing XDC File [C:/Users/Mert Akin/Documents/GITHUB/lab4-PriorityEncoders_ROM/4ROMpattern/4ROMpattern.srcs/constrs_1/imports/4ROMpattern/Nexys4DDR_Master.xdc]
Finished Parsing XDC File [C:/Users/Mert Akin/Documents/GITHUB/lab4-PriorityEncoders_ROM/4ROMpattern/4ROMpattern.srcs/constrs_1/imports/4ROMpattern/Nexys4DDR_Master.xdc]
Completed Processing XDC Constraints

INFO: [Opt 31-138] Pushed 0 inverter(s) to 0 load pin(s).
Netlist sorting complete. Time (s): cpu = 00:00:00 ; elapsed = 00:00:00 . Memory (MB): peak = 3279.992 ; gain = 0.000
INFO: [Project 1-111] Unisim Transformation Summary:
No Unisim elements were transformed.

RTL Elaboration Complete:  : Time (s): cpu = 00:00:11 ; elapsed = 00:00:09 . Memory (MB): peak = 3279.992 ; gain = 0.000
6 Infos, 0 Warnings, 0 Critical Warnings and 0 Errors encountered.
synth_design completed successfully
synth_design: Time (s): cpu = 00:00:11 ; elapsed = 00:00:09 . Memory (MB): peak = 3279.992 ; gain = 0.000
current_design synth_1
current_design rtl_1
current_design synth_1
exit
INFO: [Common 17-206] Exiting Vivado at Thu Mar 14 15:48:35 2019...
