#-----------------------------------------------------------
# Vivado v2018.3 (64-bit)
# SW Build 2405991 on Thu Dec  6 23:38:27 MST 2018
# IP Build 2404404 on Fri Dec  7 01:43:56 MST 2018
# Start of session at: Tue Feb 12 06:07:26 2019
# Process ID: 6816
# Current directory: C:/Users/FoersterGame/Documents/GitHub/ENES247/lab3-PriorityEncoders_ROM/4ROMpattern
# Command line: vivado.exe -gui_launcher_event rodinguilauncherevent8832 C:\Users\FoersterGame\Documents\GitHub\ENES247\lab3-PriorityEncoders_ROM\4ROMpattern\4ROMpattern.xpr
# Log file: C:/Users/FoersterGame/Documents/GitHub/ENES247/lab3-PriorityEncoders_ROM/4ROMpattern/vivado.log
# Journal file: C:/Users/FoersterGame/Documents/GitHub/ENES247/lab3-PriorityEncoders_ROM/4ROMpattern\vivado.jou
#-----------------------------------------------------------
start_gui
open_project C:/Users/FoersterGame/Documents/GitHub/ENES247/lab3-PriorityEncoders_ROM/4ROMpattern/4ROMpattern.xpr
INFO: [ProjectBase 1-489] The host OS only allows 260 characters in a normal path. The project is stored in a path with more than 80 characters. If you experience issues with IP, Block Designs, or files not being found, please consider moving the project to a location with a shorter path. Alternately consider using the OS subst command to map part of the path to a drive letter.
Current project path is 'C:/Users/FoersterGame/Documents/GitHub/ENES247/lab3-PriorityEncoders_ROM/4ROMpattern'
Scanning sources...
Finished scanning sources
INFO: [IP_Flow 19-234] Refreshing IP repositories
INFO: [IP_Flow 19-1704] No user IP repositories specified
INFO: [IP_Flow 19-2313] Loaded Vivado IP repository 'C:/Xilinx/Vivado/2018.3/data/ip'.
update_compile_order -fileset sources_1
close_project
exit
INFO: [Common 17-206] Exiting Vivado at Tue Feb 12 06:25:31 2019...
