#-----------------------------------------------------------
# Vivado v2018.3 (64-bit)
# SW Build 2405991 on Thu Dec  6 23:38:27 MST 2018
# IP Build 2404404 on Fri Dec  7 01:43:56 MST 2018
# Start of session at: Wed May 15 15:00:24 2019
# Process ID: 45992
# Current directory: C:/Users/Mert Akin/Documents/GITHUB/lab4-PriorityEncoders_ROM/4ROMpattern
# Command line: vivado.exe -gui_launcher_event rodinguilauncherevent40532 C:\Users\Mert Akin\Documents\GITHUB\lab4-PriorityEncoders_ROM\4ROMpattern\4ROMpattern.xpr
# Log file: C:/Users/Mert Akin/Documents/GITHUB/lab4-PriorityEncoders_ROM/4ROMpattern/vivado.log
# Journal file: C:/Users/Mert Akin/Documents/GITHUB/lab4-PriorityEncoders_ROM/4ROMpattern\vivado.jou
#-----------------------------------------------------------
start_gui
open_project {C:/Users/Mert Akin/Documents/GITHUB/lab4-PriorityEncoders_ROM/4ROMpattern/4ROMpattern.xpr}
Scanning sources...
Finished scanning sources
WARNING: [filemgmt 56-3] IPUserFilesDir: Could not find the directory 'C:/Users/Mert Akin/Documents/GITHUB/lab4-PriorityEncoders_ROM/4ROMpattern/4ROMpattern.ip_user_files'.
INFO: [IP_Flow 19-234] Refreshing IP repositories
INFO: [IP_Flow 19-1704] No user IP repositories specified
INFO: [IP_Flow 19-2313] Loaded Vivado IP repository 'E:/Xilinx/Vivado/2018.3/data/ip'.
open_project: Time (s): cpu = 00:00:26 ; elapsed = 00:00:14 . Memory (MB): peak = 726.270 ; gain = 117.254
update_compile_order -fileset sources_1
open_run impl_1
INFO: [Project 1-479] Netlist was created with Vivado 2018.3
INFO: [Device 21-403] Loading part xc7a100tcsg324-1
INFO: [Project 1-570] Preparing netlist for logic optimization
INFO: [Timing 38-478] Restoring timing data from binary archive.
INFO: [Timing 38-479] Binary timing data restore complete.
INFO: [Project 1-856] Restoring constraints from binary archive.
INFO: [Project 1-853] Binary constraint restore complete.
Reading XDEF placement.
Reading placer database...
Reading XDEF routing.
Read XDEF File: Time (s): cpu = 00:00:00 ; elapsed = 00:00:00.045 . Memory (MB): peak = 1539.316 ; gain = 0.000
Restored from archive | CPU: 0.000000 secs | Memory: 0.000000 MB |
Finished XDEF File Restore: Time (s): cpu = 00:00:00 ; elapsed = 00:00:00.045 . Memory (MB): peak = 1539.316 ; gain = 0.000
Netlist sorting complete. Time (s): cpu = 00:00:00 ; elapsed = 00:00:00 . Memory (MB): peak = 1539.316 ; gain = 0.000
INFO: [Project 1-111] Unisim Transformation Summary:
No Unisim elements were transformed.

open_run: Time (s): cpu = 00:00:41 ; elapsed = 00:00:27 . Memory (MB): peak = 1666.914 ; gain = 901.695
WARNING: [Timing 38-313] There are no user specified timing constraints. Timing constraints are needed for proper timing analysis.
exit
INFO: [Common 17-206] Exiting Vivado at Wed May 15 15:34:04 2019...
