#-----------------------------------------------------------
# Vivado v2018.3 (64-bit)
# SW Build 2405991 on Thu Dec  6 23:38:27 MST 2018
# IP Build 2404404 on Fri Dec  7 01:43:56 MST 2018
# Start of session at: Thu Mar 14 15:37:00 2019
# Process ID: 35488
# Current directory: C:/Users/Mert Akin/Documents/GITHUB/lab4-PriorityEncoders_ROM/5ROM multiply
# Command line: vivado.exe -gui_launcher_event rodinguilauncherevent30500 C:\Users\Mert Akin\Documents\GITHUB\lab4-PriorityEncoders_ROM\5ROM multiply\5rom.xpr
# Log file: C:/Users/Mert Akin/Documents/GITHUB/lab4-PriorityEncoders_ROM/5ROM multiply/vivado.log
# Journal file: C:/Users/Mert Akin/Documents/GITHUB/lab4-PriorityEncoders_ROM/5ROM multiply\vivado.jou
#-----------------------------------------------------------
start_gui
open_project {C:/Users/Mert Akin/Documents/GITHUB/lab4-PriorityEncoders_ROM/5ROM multiply/5rom.xpr}
INFO: [Project 1-313] Project file moved from 'C:/Users/Mert Akin/Documents/GITHUB/lab4-PriorityEncoders_ROM/4ROMpattern' since last save.
WARNING: [Project 1-312] File not found as 'C:/Users/Mert Akin/Documents/GITHUB/lab4-PriorityEncoders_ROM/5ROM multiply/5rom.srcs/sources_1/imports/4ROMpattern/rom_16_3_behavior.v'; using path 'C:/Users/Mert Akin/Documents/GITHUB/lab4-PriorityEncoders_ROM/4ROMpattern/4ROMpattern.srcs/sources_1/imports/4ROMpattern/rom_16_3_behavior.v' instead.
WARNING: [Project 1-312] File not found as 'C:/Users/Mert Akin/Documents/GITHUB/lab4-PriorityEncoders_ROM/5ROM multiply/5rom.srcs/sources_1/imports/4ROMpattern/ROM_16_3_behavior.txt'; using path 'C:/Users/Mert Akin/Documents/GITHUB/lab4-PriorityEncoders_ROM/4ROMpattern/4ROMpattern.srcs/sources_1/imports/4ROMpattern/ROM_16_3_behavior.txt' instead.
WARNING: [Project 1-312] File not found as 'C:/Users/Mert Akin/Documents/GITHUB/lab4-PriorityEncoders_ROM/5ROM multiply/5rom.srcs/constrs_1/imports/4ROMpattern/Nexys4DDR_Master.xdc'; using path 'C:/Users/Mert Akin/Documents/GITHUB/lab4-PriorityEncoders_ROM/4ROMpattern/4ROMpattern.srcs/constrs_1/imports/4ROMpattern/Nexys4DDR_Master.xdc' instead.
Scanning sources...
Finished scanning sources
WARNING: [Project 1-509] GeneratedRun file for 'synth_1' not found
WARNING: [Project 1-509] GeneratedRun file for 'impl_1' not found
WARNING: [filemgmt 56-2] IPUserFilesDir: Could not find the directory 'C:/Users/Mert Akin/Documents/GITHUB/lab4-PriorityEncoders_ROM/5ROM multiply/5rom.ip_user_files', nor could it be found using path 'C:/Users/Mert Akin/Documents/GITHUB/lab4-PriorityEncoders_ROM/4ROMpattern/4ROMpattern.ip_user_files'.
INFO: [IP_Flow 19-234] Refreshing IP repositories
INFO: [IP_Flow 19-1704] No user IP repositories specified
INFO: [IP_Flow 19-2313] Loaded Vivado IP repository 'E:/Xilinx/Vivado/2018.3/data/ip'.
open_project: Time (s): cpu = 00:00:16 ; elapsed = 00:00:07 . Memory (MB): peak = 699.340 ; gain = 87.836
update_compile_order -fileset sources_1
close_project
create_project 5rom {C:/Users/Mert Akin/Documents/GITHUB/lab4-PriorityEncoders_ROM/5ROM multiply/5rom} -part xc7a100tcsg324-1
INFO: [IP_Flow 19-234] Refreshing IP repositories
INFO: [IP_Flow 19-1704] No user IP repositories specified
INFO: [IP_Flow 19-2313] Loaded Vivado IP repository 'E:/Xilinx/Vivado/2018.3/data/ip'.
create_project: Time (s): cpu = 00:00:16 ; elapsed = 00:00:07 . Memory (MB): peak = 762.211 ; gain = 20.090
set_property board_part digilentinc.com:nexys4_ddr:part0:1.1 [current_project]
add_files -norecurse {{C:/Users/Mert Akin/Documents/GITHUB/lab4-PriorityEncoders_ROM/5ROM multiply/rom_multiply.v}}
add_files -fileset constrs_1 -norecurse {{C:/Users/Mert Akin/Documents/GITHUB/lab4-PriorityEncoders_ROM/5ROM multiply/Nexys4DDR_Master.xdc}}
update_compile_order -fileset sources_1
exit
INFO: [Common 17-206] Exiting Vivado at Thu Mar 14 15:48:29 2019...
