#-----------------------------------------------------------
# Vivado v2018.3 (64-bit)
# SW Build 2405991 on Thu Dec  6 23:38:27 MST 2018
# IP Build 2404404 on Fri Dec  7 01:43:56 MST 2018
# Start of session at: Wed May 15 15:34:24 2019
# Process ID: 49404
# Current directory: C:/Users/Mert Akin/Documents/GITHUB/lab4-PriorityEncoders_ROM/3PriorityEncoder
# Command line: vivado.exe -gui_launcher_event rodinguilauncherevent50260 C:\Users\Mert Akin\Documents\GITHUB\lab4-PriorityEncoders_ROM\3PriorityEncoder\3PriorityEncoder.xpr
# Log file: C:/Users/Mert Akin/Documents/GITHUB/lab4-PriorityEncoders_ROM/3PriorityEncoder/vivado.log
# Journal file: C:/Users/Mert Akin/Documents/GITHUB/lab4-PriorityEncoders_ROM/3PriorityEncoder\vivado.jou
#-----------------------------------------------------------
start_gui
open_project {C:/Users/Mert Akin/Documents/GITHUB/lab4-PriorityEncoders_ROM/3PriorityEncoder/3PriorityEncoder.xpr}
INFO: [Project 1-313] Project file moved from 'C:/Users/SET253-17U.HCCMAIN/Documents/GitHub/ENES247/lab4-PriorityEncoders_ROM/3PriorityEncoder/RTL_Data_Flow' since last save.
Scanning sources...
Finished scanning sources
INFO: [IP_Flow 19-234] Refreshing IP repositories
INFO: [IP_Flow 19-1704] No user IP repositories specified
INFO: [IP_Flow 19-2313] Loaded Vivado IP repository 'E:/Xilinx/Vivado/2018.3/data/ip'.
open_project: Time (s): cpu = 00:00:20 ; elapsed = 00:00:08 . Memory (MB): peak = 947.426 ; gain = 99.738
update_compile_order -fileset sources_1
reset_run synth_1
launch_runs impl_1 -to_step write_bitstream -jobs 4
[Wed May 15 15:35:24 2019] Launched synth_1...
Run output will be captured here: C:/Users/Mert Akin/Documents/GITHUB/lab4-PriorityEncoders_ROM/3PriorityEncoder/3PriorityEncoder.runs/synth_1/runme.log
[Wed May 15 15:35:24 2019] Launched impl_1...
Run output will be captured here: C:/Users/Mert Akin/Documents/GITHUB/lab4-PriorityEncoders_ROM/3PriorityEncoder/3PriorityEncoder.runs/impl_1/runme.log
open_hw
connect_hw_server
INFO: [Labtools 27-2285] Connecting to hw_server url TCP:localhost:3121
INFO: [Labtools 27-2222] Launching hw_server...
INFO: [Labtools 27-2221] Launch Output:

****** Xilinx hw_server v2018.3
  **** Build date : Dec  7 2018-00:40:27
    ** Copyright 1986-2018 Xilinx, Inc. All Rights Reserved.


connect_hw_server: Time (s): cpu = 00:00:02 ; elapsed = 00:00:05 . Memory (MB): peak = 947.426 ; gain = 0.000
open_hw_target
INFO: [Labtoolstcl 44-466] Opening hw_target localhost:3121/xilinx_tcf/Digilent/210292A6EEBBA
open_hw_target: Time (s): cpu = 00:00:05 ; elapsed = 00:00:05 . Memory (MB): peak = 1717.207 ; gain = 769.781
set_property PROGRAM.FILE {C:/Users/Mert Akin/Documents/GITHUB/lab4-PriorityEncoders_ROM/3PriorityEncoder/3PriorityEncoder.runs/impl_1/priority_encoder_dataflow.bit} [get_hw_devices xc7a100t_0]
current_hw_device [get_hw_devices xc7a100t_0]
refresh_hw_device -update_hw_probes false [lindex [get_hw_devices xc7a100t_0] 0]
INFO: [Labtools 27-1434] Device xc7a100t (JTAG device index = 0) is programmed with a design that has no supported debug core(s) in it.
set_property PROBES.FILE {} [get_hw_devices xc7a100t_0]
set_property FULL_PROBES.FILE {} [get_hw_devices xc7a100t_0]
set_property PROGRAM.FILE {C:/Users/Mert Akin/Documents/GITHUB/lab4-PriorityEncoders_ROM/3PriorityEncoder/3PriorityEncoder.runs/impl_1/priority_encoder_dataflow.bit} [get_hw_devices xc7a100t_0]
program_hw_devices [get_hw_devices xc7a100t_0]
INFO: [Labtools 27-3164] End of startup status: HIGH
refresh_hw_device [lindex [get_hw_devices xc7a100t_0] 0]
INFO: [Labtools 27-1434] Device xc7a100t (JTAG device index = 0) is programmed with a design that has no supported debug core(s) in it.
exit
INFO: [Common 17-206] Exiting Vivado at Wed May 15 16:55:03 2019...
