
*** Running vivado
    with args -log updown_ctr_core.vds -m64 -product Vivado -mode batch -messageDb vivado.pb -notrace -source updown_ctr_core.tcl


****** Vivado v2018.3 (64-bit)
  **** SW Build 2405991 on Thu Dec  6 23:38:27 MST 2018
  **** IP Build 2404404 on Fri Dec  7 01:43:56 MST 2018
    ** Copyright 1986-2018 Xilinx, Inc. All Rights Reserved.

source updown_ctr_core.tcl -notrace
Command: synth_design -top updown_ctr_core -part xc7a100tcsg324-1
Starting synth_design
Attempting to get a license for feature 'Synthesis' and/or device 'xc7a100t'
INFO: [Common 17-349] Got license for feature 'Synthesis' and/or device 'xc7a100t'
INFO: Launching helper process for spawning children vivado processes
INFO: Helper process launched with PID 84552 
---------------------------------------------------------------------------------
Starting RTL Elaboration : Time (s): cpu = 00:00:03 ; elapsed = 00:00:04 . Memory (MB): peak = 394.930 ; gain = 101.473
---------------------------------------------------------------------------------
INFO: [Synth 8-6157] synthesizing module 'updown_ctr_core' [C:/Users/Mert Akin/Documents/GITHUB/ENES245_YAKIN/lab9-StopWatch/lab9_2_4/updown_ctr_core_dsp48.v:6]
INFO: [Synth 8-6157] synthesizing module 'clk_5MHz' [C:/Users/Mert Akin/Documents/GITHUB/ENES245_YAKIN/lab9-StopWatch/lab9_2_4/lab9_2_4.runs/synth_1/.Xil/Vivado-82240-DESKTOP-45TA9LH/realtime/clk_5MHz_stub.v:5]
INFO: [Synth 8-6155] done synthesizing module 'clk_5MHz' (1#1) [C:/Users/Mert Akin/Documents/GITHUB/ENES245_YAKIN/lab9-StopWatch/lab9_2_4/lab9_2_4.runs/synth_1/.Xil/Vivado-82240-DESKTOP-45TA9LH/realtime/clk_5MHz_stub.v:5]
WARNING: [Synth 8-350] instance 'U1' of module 'clk_5MHz' requires 4 connections, but only 2 given [C:/Users/Mert Akin/Documents/GITHUB/ENES245_YAKIN/lab9-StopWatch/lab9_2_4/updown_ctr_core_dsp48.v:16]
INFO: [Synth 8-6157] synthesizing module 'counter_8Bit_dsp48' [C:/Users/Mert Akin/Documents/GITHUB/ENES245_YAKIN/lab9-StopWatch/lab9_2_4/lab9_2_4.runs/synth_1/.Xil/Vivado-82240-DESKTOP-45TA9LH/realtime/counter_8Bit_dsp48_stub.v:6]
INFO: [Synth 8-6155] done synthesizing module 'counter_8Bit_dsp48' (2#1) [C:/Users/Mert Akin/Documents/GITHUB/ENES245_YAKIN/lab9-StopWatch/lab9_2_4/lab9_2_4.runs/synth_1/.Xil/Vivado-82240-DESKTOP-45TA9LH/realtime/counter_8Bit_dsp48_stub.v:6]
WARNING: [Synth 8-350] instance 'U2' of module 'counter_8Bit_dsp48' requires 5 connections, but only 4 given [C:/Users/Mert Akin/Documents/GITHUB/ENES245_YAKIN/lab9-StopWatch/lab9_2_4/updown_ctr_core_dsp48.v:45]
INFO: [Synth 8-6155] done synthesizing module 'updown_ctr_core' (3#1) [C:/Users/Mert Akin/Documents/GITHUB/ENES245_YAKIN/lab9-StopWatch/lab9_2_4/updown_ctr_core_dsp48.v:6]
WARNING: [Synth 8-3331] design updown_ctr_core has unconnected port up_dn
---------------------------------------------------------------------------------
Finished RTL Elaboration : Time (s): cpu = 00:00:04 ; elapsed = 00:00:05 . Memory (MB): peak = 450.316 ; gain = 156.859
---------------------------------------------------------------------------------

Report Check Netlist: 
+------+------------------+-------+---------+-------+------------------+
|      |Item              |Errors |Warnings |Status |Description       |
+------+------------------+-------+---------+-------+------------------+
|1     |multi_driven_nets |      0|        0|Passed |Multi driven nets |
+------+------------------+-------+---------+-------+------------------+
---------------------------------------------------------------------------------
Start Handling Custom Attributes
---------------------------------------------------------------------------------
---------------------------------------------------------------------------------
Finished Handling Custom Attributes : Time (s): cpu = 00:00:04 ; elapsed = 00:00:05 . Memory (MB): peak = 450.316 ; gain = 156.859
---------------------------------------------------------------------------------
---------------------------------------------------------------------------------
Finished RTL Optimization Phase 1 : Time (s): cpu = 00:00:04 ; elapsed = 00:00:05 . Memory (MB): peak = 450.316 ; gain = 156.859
---------------------------------------------------------------------------------
INFO: [Device 21-403] Loading part xc7a100tcsg324-1
INFO: [Project 1-570] Preparing netlist for logic optimization

Processing XDC Constraints
Initializing timing engine
Parsing XDC File [c:/Users/Mert Akin/Documents/GITHUB/ENES245_YAKIN/lab9-StopWatch/lab9_2_4/lab9_2_4.srcs/sources_1/ip/counter_8Bit_dsp48/counter_8Bit_dsp48/counter_8Bit_dsp48_in_context.xdc] for cell 'U2'
Finished Parsing XDC File [c:/Users/Mert Akin/Documents/GITHUB/ENES245_YAKIN/lab9-StopWatch/lab9_2_4/lab9_2_4.srcs/sources_1/ip/counter_8Bit_dsp48/counter_8Bit_dsp48/counter_8Bit_dsp48_in_context.xdc] for cell 'U2'
Parsing XDC File [c:/Users/Mert Akin/Documents/GITHUB/ENES245_YAKIN/lab9-StopWatch/lab9_2_4/lab9_2_4.srcs/sources_1/ip/clk_5MHz/clk_5MHz/clk_5MHz_in_context.xdc] for cell 'U1'
Finished Parsing XDC File [c:/Users/Mert Akin/Documents/GITHUB/ENES245_YAKIN/lab9-StopWatch/lab9_2_4/lab9_2_4.srcs/sources_1/ip/clk_5MHz/clk_5MHz/clk_5MHz_in_context.xdc] for cell 'U1'
Parsing XDC File [C:/Users/Mert Akin/Documents/GITHUB/ENES245_YAKIN/lab9-StopWatch/lab9_2_4/Nexys4DDR_Master.xdc]
Finished Parsing XDC File [C:/Users/Mert Akin/Documents/GITHUB/ENES245_YAKIN/lab9-StopWatch/lab9_2_4/Nexys4DDR_Master.xdc]
INFO: [Project 1-236] Implementation specific constraints were found while reading constraint file [C:/Users/Mert Akin/Documents/GITHUB/ENES245_YAKIN/lab9-StopWatch/lab9_2_4/Nexys4DDR_Master.xdc]. These constraints will be ignored for synthesis but will be used in implementation. Impacted constraints are listed in the file [.Xil/updown_ctr_core_propImpl.xdc].
Resolution: To avoid this warning, move constraints listed in [.Xil/updown_ctr_core_propImpl.xdc] to another XDC file and exclude this new file from synthesis with the used_in_synthesis property (File Properties dialog in GUI) and re-run elaboration/synthesis.
Netlist sorting complete. Time (s): cpu = 00:00:00 ; elapsed = 00:00:00 . Memory (MB): peak = 763.340 ; gain = 0.000
Completed Processing XDC Constraints

Netlist sorting complete. Time (s): cpu = 00:00:00 ; elapsed = 00:00:00 . Memory (MB): peak = 763.340 ; gain = 0.000
INFO: [Project 1-111] Unisim Transformation Summary:
No Unisim elements were transformed.

Netlist sorting complete. Time (s): cpu = 00:00:00 ; elapsed = 00:00:00.001 . Memory (MB): peak = 763.340 ; gain = 0.000
Constraint Validation Runtime : Time (s): cpu = 00:00:00 ; elapsed = 00:00:00.005 . Memory (MB): peak = 763.340 ; gain = 0.000
---------------------------------------------------------------------------------
Finished Constraint Validation : Time (s): cpu = 00:00:14 ; elapsed = 00:00:16 . Memory (MB): peak = 763.340 ; gain = 469.883
---------------------------------------------------------------------------------
---------------------------------------------------------------------------------
Start Loading Part and Timing Information
---------------------------------------------------------------------------------
Loading part: xc7a100tcsg324-1
---------------------------------------------------------------------------------
Finished Loading Part and Timing Information : Time (s): cpu = 00:00:14 ; elapsed = 00:00:16 . Memory (MB): peak = 763.340 ; gain = 469.883
---------------------------------------------------------------------------------
---------------------------------------------------------------------------------
Start Applying 'set_property' XDC Constraints
---------------------------------------------------------------------------------
Applied set_property IO_BUFFER_TYPE = NONE for clk. (constraint file  {c:/Users/Mert Akin/Documents/GITHUB/ENES245_YAKIN/lab9-StopWatch/lab9_2_4/lab9_2_4.srcs/sources_1/ip/clk_5MHz/clk_5MHz/clk_5MHz_in_context.xdc}, line 3).
Applied set_property CLOCK_BUFFER_TYPE = NONE for clk. (constraint file  {c:/Users/Mert Akin/Documents/GITHUB/ENES245_YAKIN/lab9-StopWatch/lab9_2_4/lab9_2_4.srcs/sources_1/ip/clk_5MHz/clk_5MHz/clk_5MHz_in_context.xdc}, line 4).
Applied set_property DONT_TOUCH = true for U2. (constraint file  auto generated constraint, line ).
Applied set_property DONT_TOUCH = true for U1. (constraint file  auto generated constraint, line ).
---------------------------------------------------------------------------------
Finished applying 'set_property' XDC Constraints : Time (s): cpu = 00:00:14 ; elapsed = 00:00:16 . Memory (MB): peak = 763.340 ; gain = 469.883
---------------------------------------------------------------------------------
INFO: [Synth 8-5546] ROM "cnt_done_i" won't be mapped to RAM because it is too sparse
---------------------------------------------------------------------------------
Finished RTL Optimization Phase 2 : Time (s): cpu = 00:00:14 ; elapsed = 00:00:16 . Memory (MB): peak = 763.340 ; gain = 469.883
---------------------------------------------------------------------------------

Report RTL Partitions: 
+-+--------------+------------+----------+
| |RTL Partition |Replication |Instances |
+-+--------------+------------+----------+
+-+--------------+------------+----------+
---------------------------------------------------------------------------------
Start RTL Component Statistics 
---------------------------------------------------------------------------------
Detailed RTL Component Info : 
+---Registers : 
	                1 Bit    Registers := 1     
+---Muxes : 
	   2 Input      1 Bit        Muxes := 1     
---------------------------------------------------------------------------------
Finished RTL Component Statistics 
---------------------------------------------------------------------------------
---------------------------------------------------------------------------------
Start RTL Hierarchical Component Statistics 
---------------------------------------------------------------------------------
Hierarchical RTL Component report 
Module updown_ctr_core 
Detailed RTL Component Info : 
+---Registers : 
	                1 Bit    Registers := 1     
+---Muxes : 
	   2 Input      1 Bit        Muxes := 1     
---------------------------------------------------------------------------------
Finished RTL Hierarchical Component Statistics
---------------------------------------------------------------------------------
---------------------------------------------------------------------------------
Start Part Resource Summary
---------------------------------------------------------------------------------
Part Resources:
DSPs: 240 (col length:80)
BRAMs: 270 (col length: RAMB18 80 RAMB36 40)
---------------------------------------------------------------------------------
Finished Part Resource Summary
---------------------------------------------------------------------------------
---------------------------------------------------------------------------------
Start Cross Boundary and Area Optimization
---------------------------------------------------------------------------------
Warning: Parallel synthesis criteria is not met 
INFO: [Synth 8-5546] ROM "cnt_done_i" won't be mapped to RAM because it is too sparse
WARNING: [Synth 8-3331] design updown_ctr_core has unconnected port up_dn
---------------------------------------------------------------------------------
Finished Cross Boundary and Area Optimization : Time (s): cpu = 00:00:15 ; elapsed = 00:00:17 . Memory (MB): peak = 763.340 ; gain = 469.883
---------------------------------------------------------------------------------

Report RTL Partitions: 
+-+--------------+------------+----------+
| |RTL Partition |Replication |Instances |
+-+--------------+------------+----------+
+-+--------------+------------+----------+
---------------------------------------------------------------------------------
Start Applying XDC Timing Constraints
---------------------------------------------------------------------------------
INFO: [Synth 8-5578] Moved timing constraint from pin 'U1/clk_out1' to pin 'U1/bbstub_clk_out1/O'
INFO: [Synth 8-5819] Moved 1 constraints on hierarchical pins to their respective driving/loading pins
---------------------------------------------------------------------------------
Finished Applying XDC Timing Constraints : Time (s): cpu = 00:00:24 ; elapsed = 00:00:26 . Memory (MB): peak = 787.512 ; gain = 494.055
---------------------------------------------------------------------------------
---------------------------------------------------------------------------------
Start Timing Optimization
---------------------------------------------------------------------------------
---------------------------------------------------------------------------------
Finished Timing Optimization : Time (s): cpu = 00:00:24 ; elapsed = 00:00:26 . Memory (MB): peak = 806.867 ; gain = 513.410
---------------------------------------------------------------------------------

Report RTL Partitions: 
+-+--------------+------------+----------+
| |RTL Partition |Replication |Instances |
+-+--------------+------------+----------+
+-+--------------+------------+----------+
---------------------------------------------------------------------------------
Start Technology Mapping
---------------------------------------------------------------------------------
---------------------------------------------------------------------------------
Finished Technology Mapping : Time (s): cpu = 00:00:24 ; elapsed = 00:00:26 . Memory (MB): peak = 806.867 ; gain = 513.410
---------------------------------------------------------------------------------

Report RTL Partitions: 
+-+--------------+------------+----------+
| |RTL Partition |Replication |Instances |
+-+--------------+------------+----------+
+-+--------------+------------+----------+
---------------------------------------------------------------------------------
Start IO Insertion
---------------------------------------------------------------------------------
---------------------------------------------------------------------------------
Start Flattening Before IO Insertion
---------------------------------------------------------------------------------
---------------------------------------------------------------------------------
Finished Flattening Before IO Insertion
---------------------------------------------------------------------------------
---------------------------------------------------------------------------------
Start Final Netlist Cleanup
---------------------------------------------------------------------------------
---------------------------------------------------------------------------------
Finished Final Netlist Cleanup
---------------------------------------------------------------------------------
CRITICAL WARNING: [Synth 8-4442] BlackBox module U1 has unconnected pin reset
---------------------------------------------------------------------------------
Finished IO Insertion : Time (s): cpu = 00:00:26 ; elapsed = 00:00:28 . Memory (MB): peak = 806.867 ; gain = 513.410
---------------------------------------------------------------------------------

Report Check Netlist: 
+------+------------------+-------+---------+-------+------------------+
|      |Item              |Errors |Warnings |Status |Description       |
+------+------------------+-------+---------+-------+------------------+
|1     |multi_driven_nets |      0|        0|Passed |Multi driven nets |
+------+------------------+-------+---------+-------+------------------+
---------------------------------------------------------------------------------
Start Renaming Generated Instances
---------------------------------------------------------------------------------
---------------------------------------------------------------------------------
Finished Renaming Generated Instances : Time (s): cpu = 00:00:26 ; elapsed = 00:00:28 . Memory (MB): peak = 806.867 ; gain = 513.410
---------------------------------------------------------------------------------

Report RTL Partitions: 
+-+--------------+------------+----------+
| |RTL Partition |Replication |Instances |
+-+--------------+------------+----------+
+-+--------------+------------+----------+
---------------------------------------------------------------------------------
Start Rebuilding User Hierarchy
---------------------------------------------------------------------------------
---------------------------------------------------------------------------------
Finished Rebuilding User Hierarchy : Time (s): cpu = 00:00:26 ; elapsed = 00:00:28 . Memory (MB): peak = 806.867 ; gain = 513.410
---------------------------------------------------------------------------------
---------------------------------------------------------------------------------
Start Renaming Generated Ports
---------------------------------------------------------------------------------
---------------------------------------------------------------------------------
Finished Renaming Generated Ports : Time (s): cpu = 00:00:26 ; elapsed = 00:00:28 . Memory (MB): peak = 806.867 ; gain = 513.410
---------------------------------------------------------------------------------
---------------------------------------------------------------------------------
Start Handling Custom Attributes
---------------------------------------------------------------------------------
---------------------------------------------------------------------------------
Finished Handling Custom Attributes : Time (s): cpu = 00:00:26 ; elapsed = 00:00:28 . Memory (MB): peak = 806.867 ; gain = 513.410
---------------------------------------------------------------------------------
---------------------------------------------------------------------------------
Start Renaming Generated Nets
---------------------------------------------------------------------------------
---------------------------------------------------------------------------------
Finished Renaming Generated Nets : Time (s): cpu = 00:00:26 ; elapsed = 00:00:28 . Memory (MB): peak = 806.867 ; gain = 513.410
---------------------------------------------------------------------------------
---------------------------------------------------------------------------------
Start Writing Synthesis Report
---------------------------------------------------------------------------------

Report BlackBoxes: 
+------+-------------------+----------+
|      |BlackBox name      |Instances |
+------+-------------------+----------+
|1     |clk_5MHz           |         1|
|2     |counter_8Bit_dsp48 |         1|
+------+-------------------+----------+

Report Cell Usage: 
+------+-------------------+------+
|      |Cell               |Count |
+------+-------------------+------+
|1     |clk_5MHz           |     1|
|2     |counter_8Bit_dsp48 |     1|
|3     |CARRY4             |     6|
|4     |LUT1               |     1|
|5     |LUT2               |    24|
|6     |LUT4               |     1|
|7     |LUT5               |     1|
|8     |LUT6               |     3|
|9     |FDCE               |    24|
|10    |IBUF               |     2|
|11    |OBUF               |     8|
+------+-------------------+------+

Report Instance Areas: 
+------+---------+-------+------+
|      |Instance |Module |Cells |
+------+---------+-------+------+
|1     |top      |       |    81|
+------+---------+-------+------+
---------------------------------------------------------------------------------
Finished Writing Synthesis Report : Time (s): cpu = 00:00:26 ; elapsed = 00:00:28 . Memory (MB): peak = 806.867 ; gain = 513.410
---------------------------------------------------------------------------------
Synthesis finished with 0 errors, 1 critical warnings and 1 warnings.
Synthesis Optimization Runtime : Time (s): cpu = 00:00:15 ; elapsed = 00:00:20 . Memory (MB): peak = 806.867 ; gain = 200.387
Synthesis Optimization Complete : Time (s): cpu = 00:00:26 ; elapsed = 00:00:28 . Memory (MB): peak = 806.867 ; gain = 513.410
INFO: [Project 1-571] Translating synthesized netlist
INFO: [Netlist 29-17] Analyzing 6 Unisim elements for replacement
INFO: [Netlist 29-28] Unisim Transformation completed in 0 CPU seconds
INFO: [Project 1-570] Preparing netlist for logic optimization
INFO: [Opt 31-138] Pushed 0 inverter(s) to 0 load pin(s).
Netlist sorting complete. Time (s): cpu = 00:00:00 ; elapsed = 00:00:00.001 . Memory (MB): peak = 807.590 ; gain = 0.000
INFO: [Project 1-111] Unisim Transformation Summary:
No Unisim elements were transformed.

INFO: [Common 17-83] Releasing license: Synthesis
22 Infos, 4 Warnings, 1 Critical Warnings and 0 Errors encountered.
synth_design completed successfully
synth_design: Time (s): cpu = 00:00:29 ; elapsed = 00:00:30 . Memory (MB): peak = 807.590 ; gain = 525.602
Netlist sorting complete. Time (s): cpu = 00:00:00 ; elapsed = 00:00:00 . Memory (MB): peak = 807.590 ; gain = 0.000
WARNING: [Constraints 18-5210] No constraints selected for write.
Resolution: This message can indicate that there are no constraints for the design, or it can indicate that the used_in flags are set such that the constraints are ignored. This later case is used when running synth_design to not write synthesis constraints to the resulting checkpoint. Instead, project constraints are read when the synthesized design is opened.
INFO: [Common 17-1381] The checkpoint 'C:/Users/Mert Akin/Documents/GITHUB/ENES245_YAKIN/lab9-StopWatch/lab9_2_4/lab9_2_4.runs/synth_1/updown_ctr_core.dcp' has been generated.
INFO: [runtcl-4] Executing : report_utilization -file updown_ctr_core_utilization_synth.rpt -pb updown_ctr_core_utilization_synth.pb
INFO: [Common 17-206] Exiting Vivado at Wed May 22 11:28:15 2019...
