Copyright 1986-2018 Xilinx, Inc. All Rights Reserved.
-------------------------------------------------------------------------------------
| Tool Version : Vivado v.2018.3 (win64) Build 2405991 Thu Dec  6 23:38:27 MST 2018
| Date         : Wed May 22 15:13:31 2019
| Host         : DESKTOP-45TA9LH running 64-bit major release  (build 9200)
| Command      : report_control_sets -verbose -file mult_3x3_control_sets_placed.rpt
| Design       : mult_3x3
| Device       : xc7a100t
-------------------------------------------------------------------------------------

Control Set Information

Table of Contents
-----------------
1. Summary
2. Histogram
3. Flip-Flop Distribution
4. Detailed Control Set Information

1. Summary
----------

+----------------------------------------------------------+-------+
|                          Status                          | Count |
+----------------------------------------------------------+-------+
| Number of unique control sets                            |     3 |
| Unused register locations in slices containing registers |    17 |
+----------------------------------------------------------+-------+


2. Histogram
------------

+--------+--------------+
| Fanout | Control Sets |
+--------+--------------+
|      1 |            1 |
|      4 |            1 |
|     10 |            1 |
+--------+--------------+


3. Flip-Flop Distribution
-------------------------

+--------------+-----------------------+------------------------+-----------------+--------------+
| Clock Enable | Synchronous Set/Reset | Asynchronous Set/Reset | Total Registers | Total Slices |
+--------------+-----------------------+------------------------+-----------------+--------------+
| No           | No                    | No                     |              10 |            2 |
| No           | No                    | Yes                    |               0 |            0 |
| No           | Yes                   | No                     |               0 |            0 |
| Yes          | No                    | No                     |               0 |            0 |
| Yes          | No                    | Yes                    |               0 |            0 |
| Yes          | Yes                   | No                     |               5 |            4 |
+--------------+-----------------------+------------------------+-----------------+--------------+


4. Detailed Control Set Information
-----------------------------------

+----------------+----------------+------------------+------------------+----------------+
|  Clock Signal  |  Enable Signal | Set/Reset Signal | Slice Load Count | Bel Load Count |
+----------------+----------------+------------------+------------------+----------------+
|  clk_IBUF_BUFG | done_sig       | start_IBUF       |                1 |              1 |
|  clk_IBUF_BUFG | acc[6]_i_1_n_0 | start_IBUF       |                3 |              4 |
|  clk_IBUF_BUFG |                |                  |                2 |             10 |
+----------------+----------------+------------------+------------------+----------------+


