#-----------------------------------------------------------
# Vivado v2018.3 (64-bit)
# SW Build 2405991 on Thu Dec  6 23:38:27 MST 2018
# IP Build 2404404 on Fri Dec  7 01:43:56 MST 2018
# Start of session at: Thu Feb 14 04:31:16 2019
# Process ID: 3508
# Current directory: C:/Users/FoersterGame/Documents/GitHub/ENES247/lab3-ReusableBCDhex7segDisplayCode/3_32bitsHexTo7segAnd16LEDs
# Command line: vivado.exe -gui_launcher_event rodinguilauncherevent4728 C:\Users\FoersterGame\Documents\GitHub\ENES247\lab3-ReusableBCDhex7segDisplayCode\3_32bitsHexTo7segAnd16LEDs\3_32bitsHexTo7segAnd16LEDs.xpr
# Log file: C:/Users/FoersterGame/Documents/GitHub/ENES247/lab3-ReusableBCDhex7segDisplayCode/3_32bitsHexTo7segAnd16LEDs/vivado.log
# Journal file: C:/Users/FoersterGame/Documents/GitHub/ENES247/lab3-ReusableBCDhex7segDisplayCode/3_32bitsHexTo7segAnd16LEDs\vivado.jou
#-----------------------------------------------------------
start_gui
open_project C:/Users/FoersterGame/Documents/GitHub/ENES247/lab3-ReusableBCDhex7segDisplayCode/3_32bitsHexTo7segAnd16LEDs/3_32bitsHexTo7segAnd16LEDs.xpr
INFO: [ProjectBase 1-489] The host OS only allows 260 characters in a normal path. The project is stored in a path with more than 80 characters. If you experience issues with IP, Block Designs, or files not being found, please consider moving the project to a location with a shorter path. Alternately consider using the OS subst command to map part of the path to a drive letter.
Current project path is 'C:/Users/FoersterGame/Documents/GitHub/ENES247/lab3-ReusableBCDhex7segDisplayCode/3_32bitsHexTo7segAnd16LEDs'
INFO: [Project 1-313] Project file moved from 'C:/Users/SET253-17U.HCCMAIN/Documents/GitHub/ENES247/lab3-ReusableBCDhex7segDisplayCode/3_32bitsHexTo7segAnd16LEDs' since last save.
Scanning sources...
Finished scanning sources
WARNING: [filemgmt 56-2] IPUserFilesDir: Could not find the directory 'C:/Users/FoersterGame/Documents/GitHub/ENES247/lab3-ReusableBCDhex7segDisplayCode/3_32bitsHexTo7segAnd16LEDs/3_32bitsHexTo7segAnd16LEDs.ip_user_files', nor could it be found using path 'C:/Users/SET253-17U.HCCMAIN/Documents/GitHub/ENES247/lab3-ReusableBCDhex7segDisplayCode/3_32bitsHexTo7segAnd16LEDs/3_32bitsHexTo7segAnd16LEDs.ip_user_files'.
INFO: [IP_Flow 19-234] Refreshing IP repositories
INFO: [IP_Flow 19-1704] No user IP repositories specified
INFO: [IP_Flow 19-2313] Loaded Vivado IP repository 'C:/Xilinx/Vivado/2018.3/data/ip'.
update_compile_order -fileset sources_1
close_project
create_project trouble C:/Users/FoersterGame/Documents/GitHub/ENES247/lab3-ReusableBCDhex7segDisplayCode/trouble -part xc7a100tcsg324-1
INFO: [ProjectBase 1-489] The host OS only allows 260 characters in a normal path. The project is stored in a path with more than 80 characters. If you experience issues with IP, Block Designs, or files not being found, please consider moving the project to a location with a shorter path. Alternately consider using the OS subst command to map part of the path to a drive letter.
Current project path is 'C:/Users/FoersterGame/Documents/GitHub/ENES247/lab3-ReusableBCDhex7segDisplayCode/trouble'
INFO: [IP_Flow 19-234] Refreshing IP repositories
INFO: [IP_Flow 19-1704] No user IP repositories specified
INFO: [IP_Flow 19-2313] Loaded Vivado IP repository 'C:/Xilinx/Vivado/2018.3/data/ip'.
set_property board_part digilentinc.com:nexys4_ddr:part0:1.1 [current_project]
file mkdir C:/Users/FoersterGame/Documents/GitHub/ENES247/lab3-ReusableBCDhex7segDisplayCode/trouble/trouble.srcs/sources_1/new
set_property simulator_language Verilog [current_project]
close [ open C:/Users/FoersterGame/Documents/GitHub/ENES247/lab3-ReusableBCDhex7segDisplayCode/trouble/trouble.srcs/sources_1/new/double-packed-array.sv w ]
add_files C:/Users/FoersterGame/Documents/GitHub/ENES247/lab3-ReusableBCDhex7segDisplayCode/trouble/trouble.srcs/sources_1/new/double-packed-array.sv
import_files -fileset constrs_1 -force -norecurse C:/Users/FoersterGame/Documents/GitHub/ENES247/lab3-ReusableBCDhex7segDisplayCode/troubleshooting/Nexys4DDR_Master.xdc
update_compile_order -fileset sources_1
exit
INFO: [Common 17-206] Exiting Vivado at Thu Feb 14 05:08:48 2019...
