#-----------------------------------------------------------
# Vivado v2018.3 (64-bit)
# SW Build 2405991 on Thu Dec  6 23:38:27 MST 2018
# IP Build 2404404 on Fri Dec  7 01:43:56 MST 2018
# Start of session at: Thu Feb 14 11:07:54 2019
# Process ID: 4852
# Current directory: C:/Users/Scott Foerster/Documents/GitHub/ENES247/lab3-ReusableBCDhex7segDisplayCode/4_32bitsHexTo7segAnd16LEDs
# Command line: vivado.exe -gui_launcher_event rodinguilauncherevent856 C:\Users\Scott Foerster\Documents\GitHub\ENES247\lab3-ReusableBCDhex7segDisplayCode\4_32bitsHexTo7segAnd16LEDs\3_32bitsHexTo7segAnd16LEDs.xpr
# Log file: C:/Users/Scott Foerster/Documents/GitHub/ENES247/lab3-ReusableBCDhex7segDisplayCode/4_32bitsHexTo7segAnd16LEDs/vivado.log
# Journal file: C:/Users/Scott Foerster/Documents/GitHub/ENES247/lab3-ReusableBCDhex7segDisplayCode/4_32bitsHexTo7segAnd16LEDs\vivado.jou
#-----------------------------------------------------------
start_gui
open_project {C:/Users/Scott Foerster/Documents/GitHub/ENES247/lab3-ReusableBCDhex7segDisplayCode/4_32bitsHexTo7segAnd16LEDs/3_32bitsHexTo7segAnd16LEDs.xpr}
INFO: [ProjectBase 1-489] The host OS only allows 260 characters in a normal path. The project is stored in a path with more than 80 characters. If you experience issues with IP, Block Designs, or files not being found, please consider moving the project to a location with a shorter path. Alternately consider using the OS subst command to map part of the path to a drive letter.
Current project path is 'C:/Users/Scott Foerster/Documents/GitHub/ENES247/lab3-ReusableBCDhex7segDisplayCode/4_32bitsHexTo7segAnd16LEDs'
INFO: [Project 1-313] Project file moved from 'C:/Users/FoersterGame/Documents/GitHub/ENES247/lab3-ReusableBCDhex7segDisplayCode/4_32bitsHexTo7segAnd16LEDs' since last save.
Scanning sources...
Finished scanning sources
WARNING: [filemgmt 56-2] IPUserFilesDir: Could not find the directory 'C:/Users/Scott Foerster/Documents/GitHub/ENES247/lab3-ReusableBCDhex7segDisplayCode/4_32bitsHexTo7segAnd16LEDs/3_32bitsHexTo7segAnd16LEDs.ip_user_files', nor could it be found using path 'C:/Users/FoersterGame/Documents/GitHub/ENES247/lab3-ReusableBCDhex7segDisplayCode/4_32bitsHexTo7segAnd16LEDs/3_32bitsHexTo7segAnd16LEDs.ip_user_files'.
INFO: [IP_Flow 19-234] Refreshing IP repositories
INFO: [IP_Flow 19-1704] No user IP repositories specified
INFO: [IP_Flow 19-2313] Loaded Vivado IP repository 'C:/Xilinx/Vivado/2018.3/data/ip'.
update_compile_order -fileset sources_1
reset_run synth_1
launch_runs synth_1 -jobs 3
[Thu Feb 14 11:11:06 2019] Launched synth_1...
Run output will be captured here: C:/Users/Scott Foerster/Documents/GitHub/ENES247/lab3-ReusableBCDhex7segDisplayCode/4_32bitsHexTo7segAnd16LEDs/3_32bitsHexTo7segAnd16LEDs.runs/synth_1/runme.log
launch_runs impl_1 -jobs 3
[Thu Feb 14 11:11:35 2019] Launched impl_1...
Run output will be captured here: C:/Users/Scott Foerster/Documents/GitHub/ENES247/lab3-ReusableBCDhex7segDisplayCode/4_32bitsHexTo7segAnd16LEDs/3_32bitsHexTo7segAnd16LEDs.runs/impl_1/runme.log
launch_runs impl_1 -to_step write_bitstream -jobs 3
[Thu Feb 14 11:15:10 2019] Launched impl_1...
Run output will be captured here: C:/Users/Scott Foerster/Documents/GitHub/ENES247/lab3-ReusableBCDhex7segDisplayCode/4_32bitsHexTo7segAnd16LEDs/3_32bitsHexTo7segAnd16LEDs.runs/impl_1/runme.log
open_hw
connect_hw_server
INFO: [Labtools 27-2285] Connecting to hw_server url TCP:localhost:3121
INFO: [Labtools 27-2222] Launching hw_server...
INFO: [Labtools 27-2221] Launch Output:

****** Xilinx hw_server v2018.3
  **** Build date : Dec  7 2018-00:40:27
    ** Copyright 1986-2018 Xilinx, Inc. All Rights Reserved.


open_hw_target
INFO: [Labtoolstcl 44-466] Opening hw_target localhost:3121/xilinx_tcf/Digilent/210292A8B177A
set_property PROGRAM.FILE {C:/Users/Scott Foerster/Documents/GitHub/ENES247/lab3-ReusableBCDhex7segDisplayCode/4_32bitsHexTo7segAnd16LEDs/3_32bitsHexTo7segAnd16LEDs.runs/impl_1/thirtyTwobitHexTo16LEDs.bit} [get_hw_devices xc7a100t_0]
current_hw_device [get_hw_devices xc7a100t_0]
refresh_hw_device -update_hw_probes false [lindex [get_hw_devices xc7a100t_0] 0]
INFO: [Labtools 27-1434] Device xc7a100t (JTAG device index = 0) is programmed with a design that has no supported debug core(s) in it.
set_property PROBES.FILE {} [get_hw_devices xc7a100t_0]
set_property FULL_PROBES.FILE {} [get_hw_devices xc7a100t_0]
set_property PROGRAM.FILE {C:/Users/Scott Foerster/Documents/GitHub/ENES247/lab3-ReusableBCDhex7segDisplayCode/4_32bitsHexTo7segAnd16LEDs/3_32bitsHexTo7segAnd16LEDs.runs/impl_1/thirtyTwobitHexTo16LEDs.bit} [get_hw_devices xc7a100t_0]
program_hw_devices [get_hw_devices xc7a100t_0]
INFO: [Labtools 27-3164] End of startup status: HIGH
refresh_hw_device [lindex [get_hw_devices xc7a100t_0] 0]
INFO: [Labtools 27-1434] Device xc7a100t (JTAG device index = 0) is programmed with a design that has no supported debug core(s) in it.
reset_run synth_1
launch_runs impl_1 -to_step write_bitstream -jobs 3
[Thu Feb 14 11:26:57 2019] Launched synth_1...
Run output will be captured here: C:/Users/Scott Foerster/Documents/GitHub/ENES247/lab3-ReusableBCDhex7segDisplayCode/4_32bitsHexTo7segAnd16LEDs/3_32bitsHexTo7segAnd16LEDs.runs/synth_1/runme.log
[Thu Feb 14 11:26:57 2019] Launched impl_1...
Run output will be captured here: C:/Users/Scott Foerster/Documents/GitHub/ENES247/lab3-ReusableBCDhex7segDisplayCode/4_32bitsHexTo7segAnd16LEDs/3_32bitsHexTo7segAnd16LEDs.runs/impl_1/runme.log
set_property PROBES.FILE {} [get_hw_devices xc7a100t_0]
set_property FULL_PROBES.FILE {} [get_hw_devices xc7a100t_0]
set_property PROGRAM.FILE {C:/Users/Scott Foerster/Documents/GitHub/ENES247/lab3-ReusableBCDhex7segDisplayCode/4_32bitsHexTo7segAnd16LEDs/3_32bitsHexTo7segAnd16LEDs.runs/impl_1/thirtyTwobitHexTo16LEDs.bit} [get_hw_devices xc7a100t_0]
program_hw_devices [get_hw_devices xc7a100t_0]
INFO: [Labtools 27-3164] End of startup status: HIGH
refresh_hw_device [lindex [get_hw_devices xc7a100t_0] 0]
INFO: [Labtools 27-1434] Device xc7a100t (JTAG device index = 0) is programmed with a design that has no supported debug core(s) in it.
synth_design -rtl -name rtl_1
Command: synth_design -rtl -name rtl_1
Starting synth_design
Using part: xc7a100tcsg324-1
Top: thirtyTwobitHexTo16LEDs
---------------------------------------------------------------------------------
Starting RTL Elaboration : Time (s): cpu = 00:00:02 ; elapsed = 00:00:02 . Memory (MB): peak = 1818.285 ; gain = 80.535
---------------------------------------------------------------------------------
INFO: [Synth 8-6157] synthesizing module 'thirtyTwobitHexTo16LEDs' [C:/Users/Scott Foerster/Documents/GitHub/ENES247/lab3-ReusableBCDhex7segDisplayCode/4_32bitsHexTo7segAnd16LEDs/32bitHexTo16LEDs.sv:1]
WARNING: [Synth 8-5788] Register c_input_reg in module thirtyTwobitHexTo16LEDs is has both Set and reset with same priority. This may cause simulation mismatches. Consider rewriting code  [C:/Users/Scott Foerster/Documents/GitHub/ENES247/lab3-ReusableBCDhex7segDisplayCode/4_32bitsHexTo7segAnd16LEDs/32bitHexTo16LEDs.sv:22]
INFO: [Synth 8-6155] done synthesizing module 'thirtyTwobitHexTo16LEDs' (1#1) [C:/Users/Scott Foerster/Documents/GitHub/ENES247/lab3-ReusableBCDhex7segDisplayCode/4_32bitsHexTo7segAnd16LEDs/32bitHexTo16LEDs.sv:1]
---------------------------------------------------------------------------------
Finished RTL Elaboration : Time (s): cpu = 00:00:02 ; elapsed = 00:00:03 . Memory (MB): peak = 1857.000 ; gain = 119.250
---------------------------------------------------------------------------------

Report Check Netlist: 
+------+------------------+-------+---------+-------+------------------+
|      |Item              |Errors |Warnings |Status |Description       |
+------+------------------+-------+---------+-------+------------------+
|1     |multi_driven_nets |      0|        0|Passed |Multi driven nets |
+------+------------------+-------+---------+-------+------------------+
---------------------------------------------------------------------------------
Start Handling Custom Attributes
---------------------------------------------------------------------------------
---------------------------------------------------------------------------------
Finished Handling Custom Attributes : Time (s): cpu = 00:00:02 ; elapsed = 00:00:03 . Memory (MB): peak = 1857.000 ; gain = 119.250
---------------------------------------------------------------------------------
---------------------------------------------------------------------------------
Finished RTL Optimization Phase 1 : Time (s): cpu = 00:00:02 ; elapsed = 00:00:03 . Memory (MB): peak = 1857.000 ; gain = 119.250
---------------------------------------------------------------------------------
INFO: [Device 21-403] Loading part xc7a100tcsg324-1
INFO: [Project 1-570] Preparing netlist for logic optimization
INFO: [Opt 31-140] Inserted 7 IBUFs to IO ports without IO buffers.
INFO: [Opt 31-141] Inserted 7 OBUFs to IO ports without IO buffers.

Processing XDC Constraints
Initializing timing engine
Parsing XDC File [C:/Users/Scott Foerster/Documents/GitHub/ENES247/lab3-ReusableBCDhex7segDisplayCode/4_32bitsHexTo7segAnd16LEDs/3_32bitsHexTo7segAnd16LEDs.srcs/constrs_1/imports/3_32bitsHexTo7segAnd16LEDs/Nexys4DDR_Master.xdc]
Finished Parsing XDC File [C:/Users/Scott Foerster/Documents/GitHub/ENES247/lab3-ReusableBCDhex7segDisplayCode/4_32bitsHexTo7segAnd16LEDs/3_32bitsHexTo7segAnd16LEDs.srcs/constrs_1/imports/3_32bitsHexTo7segAnd16LEDs/Nexys4DDR_Master.xdc]
Completed Processing XDC Constraints

INFO: [Opt 31-138] Pushed 0 inverter(s) to 0 load pin(s).
Netlist sorting complete. Time (s): cpu = 00:00:00 ; elapsed = 00:00:00 . Memory (MB): peak = 2181.152 ; gain = 0.000
INFO: [Project 1-111] Unisim Transformation Summary:
No Unisim elements were transformed.

RTL Elaboration Complete:  : Time (s): cpu = 00:00:18 ; elapsed = 00:00:19 . Memory (MB): peak = 2217.867 ; gain = 480.117
8 Infos, 1 Warnings, 0 Critical Warnings and 0 Errors encountered.
synth_design completed successfully
synth_design: Time (s): cpu = 00:00:18 ; elapsed = 00:00:19 . Memory (MB): peak = 2217.891 ; gain = 480.141
reset_run synth_1
launch_runs impl_1 -to_step write_bitstream -jobs 3
[Thu Feb 14 11:57:13 2019] Launched synth_1...
Run output will be captured here: C:/Users/Scott Foerster/Documents/GitHub/ENES247/lab3-ReusableBCDhex7segDisplayCode/4_32bitsHexTo7segAnd16LEDs/3_32bitsHexTo7segAnd16LEDs.runs/synth_1/runme.log
[Thu Feb 14 11:57:13 2019] Launched impl_1...
Run output will be captured here: C:/Users/Scott Foerster/Documents/GitHub/ENES247/lab3-ReusableBCDhex7segDisplayCode/4_32bitsHexTo7segAnd16LEDs/3_32bitsHexTo7segAnd16LEDs.runs/impl_1/runme.log
set_property PROBES.FILE {} [get_hw_devices xc7a100t_0]
set_property FULL_PROBES.FILE {} [get_hw_devices xc7a100t_0]
set_property PROGRAM.FILE {C:/Users/Scott Foerster/Documents/GitHub/ENES247/lab3-ReusableBCDhex7segDisplayCode/4_32bitsHexTo7segAnd16LEDs/3_32bitsHexTo7segAnd16LEDs.runs/impl_1/thirtyTwobitHexTo16LEDs.bit} [get_hw_devices xc7a100t_0]
program_hw_devices [get_hw_devices xc7a100t_0]
INFO: [Labtools 27-3164] End of startup status: HIGH
refresh_hw_device [lindex [get_hw_devices xc7a100t_0] 0]
INFO: [Labtools 27-1434] Device xc7a100t (JTAG device index = 0) is programmed with a design that has no supported debug core(s) in it.
reset_run synth_1
launch_runs impl_1 -to_step write_bitstream -jobs 3
[Thu Feb 14 12:01:26 2019] Launched synth_1...
Run output will be captured here: C:/Users/Scott Foerster/Documents/GitHub/ENES247/lab3-ReusableBCDhex7segDisplayCode/4_32bitsHexTo7segAnd16LEDs/3_32bitsHexTo7segAnd16LEDs.runs/synth_1/runme.log
[Thu Feb 14 12:01:26 2019] Launched impl_1...
Run output will be captured here: C:/Users/Scott Foerster/Documents/GitHub/ENES247/lab3-ReusableBCDhex7segDisplayCode/4_32bitsHexTo7segAnd16LEDs/3_32bitsHexTo7segAnd16LEDs.runs/impl_1/runme.log
set_property PROBES.FILE {} [get_hw_devices xc7a100t_0]
set_property FULL_PROBES.FILE {} [get_hw_devices xc7a100t_0]
set_property PROGRAM.FILE {C:/Users/Scott Foerster/Documents/GitHub/ENES247/lab3-ReusableBCDhex7segDisplayCode/4_32bitsHexTo7segAnd16LEDs/3_32bitsHexTo7segAnd16LEDs.runs/impl_1/thirtyTwobitHexTo16LEDs.bit} [get_hw_devices xc7a100t_0]
program_hw_devices [get_hw_devices xc7a100t_0]
INFO: [Labtools 27-3164] End of startup status: HIGH
refresh_hw_device [lindex [get_hw_devices xc7a100t_0] 0]
INFO: [Labtools 27-1434] Device xc7a100t (JTAG device index = 0) is programmed with a design that has no supported debug core(s) in it.
reset_run synth_1
launch_runs impl_1 -to_step write_bitstream -jobs 3
[Thu Feb 14 13:39:29 2019] Launched synth_1...
Run output will be captured here: C:/Users/Scott Foerster/Documents/GitHub/ENES247/lab3-ReusableBCDhex7segDisplayCode/4_32bitsHexTo7segAnd16LEDs/3_32bitsHexTo7segAnd16LEDs.runs/synth_1/runme.log
[Thu Feb 14 13:39:29 2019] Launched impl_1...
Run output will be captured here: C:/Users/Scott Foerster/Documents/GitHub/ENES247/lab3-ReusableBCDhex7segDisplayCode/4_32bitsHexTo7segAnd16LEDs/3_32bitsHexTo7segAnd16LEDs.runs/impl_1/runme.log
set_property PROBES.FILE {} [get_hw_devices xc7a100t_0]
set_property FULL_PROBES.FILE {} [get_hw_devices xc7a100t_0]
set_property PROGRAM.FILE {C:/Users/Scott Foerster/Documents/GitHub/ENES247/lab3-ReusableBCDhex7segDisplayCode/4_32bitsHexTo7segAnd16LEDs/3_32bitsHexTo7segAnd16LEDs.runs/impl_1/thirtyTwobitHexTo16LEDs.bit} [get_hw_devices xc7a100t_0]
program_hw_devices [get_hw_devices xc7a100t_0]
INFO: [Labtools 27-3164] End of startup status: HIGH
refresh_hw_device [lindex [get_hw_devices xc7a100t_0] 0]
INFO: [Labtools 27-1434] Device xc7a100t (JTAG device index = 0) is programmed with a design that has no supported debug core(s) in it.
reset_run synth_1
launch_runs impl_1 -to_step write_bitstream -jobs 3
[Thu Feb 14 13:44:25 2019] Launched synth_1...
Run output will be captured here: C:/Users/Scott Foerster/Documents/GitHub/ENES247/lab3-ReusableBCDhex7segDisplayCode/4_32bitsHexTo7segAnd16LEDs/3_32bitsHexTo7segAnd16LEDs.runs/synth_1/runme.log
[Thu Feb 14 13:44:25 2019] Launched impl_1...
Run output will be captured here: C:/Users/Scott Foerster/Documents/GitHub/ENES247/lab3-ReusableBCDhex7segDisplayCode/4_32bitsHexTo7segAnd16LEDs/3_32bitsHexTo7segAnd16LEDs.runs/impl_1/runme.log
reset_run synth_1
WARNING: [Vivado 12-1017] Problems encountered:
1. PID not specified

launch_runs impl_1 -to_step write_bitstream -jobs 3
[Thu Feb 14 13:46:08 2019] Launched synth_1...
Run output will be captured here: C:/Users/Scott Foerster/Documents/GitHub/ENES247/lab3-ReusableBCDhex7segDisplayCode/4_32bitsHexTo7segAnd16LEDs/3_32bitsHexTo7segAnd16LEDs.runs/synth_1/runme.log
[Thu Feb 14 13:46:08 2019] Launched impl_1...
Run output will be captured here: C:/Users/Scott Foerster/Documents/GitHub/ENES247/lab3-ReusableBCDhex7segDisplayCode/4_32bitsHexTo7segAnd16LEDs/3_32bitsHexTo7segAnd16LEDs.runs/impl_1/runme.log
set_property PROBES.FILE {} [get_hw_devices xc7a100t_0]
set_property FULL_PROBES.FILE {} [get_hw_devices xc7a100t_0]
set_property PROGRAM.FILE {C:/Users/Scott Foerster/Documents/GitHub/ENES247/lab3-ReusableBCDhex7segDisplayCode/4_32bitsHexTo7segAnd16LEDs/3_32bitsHexTo7segAnd16LEDs.runs/impl_1/thirtyTwobitHexTo16LEDs.bit} [get_hw_devices xc7a100t_0]
program_hw_devices [get_hw_devices xc7a100t_0]
INFO: [Labtools 27-3164] End of startup status: HIGH
refresh_hw_device [lindex [get_hw_devices xc7a100t_0] 0]
INFO: [Labtools 27-1434] Device xc7a100t (JTAG device index = 0) is programmed with a design that has no supported debug core(s) in it.
reset_run synth_1
launch_runs impl_1 -to_step write_bitstream -jobs 3
[Thu Feb 14 13:48:51 2019] Launched synth_1...
Run output will be captured here: C:/Users/Scott Foerster/Documents/GitHub/ENES247/lab3-ReusableBCDhex7segDisplayCode/4_32bitsHexTo7segAnd16LEDs/3_32bitsHexTo7segAnd16LEDs.runs/synth_1/runme.log
[Thu Feb 14 13:48:51 2019] Launched impl_1...
Run output will be captured here: C:/Users/Scott Foerster/Documents/GitHub/ENES247/lab3-ReusableBCDhex7segDisplayCode/4_32bitsHexTo7segAnd16LEDs/3_32bitsHexTo7segAnd16LEDs.runs/impl_1/runme.log
set_property PROBES.FILE {} [get_hw_devices xc7a100t_0]
set_property FULL_PROBES.FILE {} [get_hw_devices xc7a100t_0]
set_property PROGRAM.FILE {C:/Users/Scott Foerster/Documents/GitHub/ENES247/lab3-ReusableBCDhex7segDisplayCode/4_32bitsHexTo7segAnd16LEDs/3_32bitsHexTo7segAnd16LEDs.runs/impl_1/thirtyTwobitHexTo16LEDs.bit} [get_hw_devices xc7a100t_0]
program_hw_devices [get_hw_devices xc7a100t_0]
INFO: [Labtools 27-3164] End of startup status: HIGH
refresh_hw_device [lindex [get_hw_devices xc7a100t_0] 0]
INFO: [Labtools 27-1434] Device xc7a100t (JTAG device index = 0) is programmed with a design that has no supported debug core(s) in it.
close_hw
close_project
exit
INFO: [Common 17-206] Exiting Vivado at Thu Feb 14 13:52:57 2019...
