#-----------------------------------------------------------
# Vivado v2018.3 (64-bit)
# SW Build 2405991 on Thu Dec  6 23:38:27 MST 2018
# IP Build 2404404 on Fri Dec  7 01:43:56 MST 2018
# Start of session at: Wed Feb 13 16:36:42 2019
# Process ID: 1516
# Current directory: C:/Users/SET253-17U.HCCMAIN/Documents/GitHub/ENES247/lab3-ReusableBCDhex7segDisplayCode/3_32bitsHexTo7segAnd16LEDs
# Command line: vivado.exe -gui_launcher_event rodinguilauncherevent9384 C:\Users\SET253-17U.HCCMAIN\Documents\GitHub\ENES247\lab3-ReusableBCDhex7segDisplayCode\3_32bitsHexTo7segAnd16LEDs\3_32bitsHexTo7segAnd16LEDs.xpr
# Log file: C:/Users/SET253-17U.HCCMAIN/Documents/GitHub/ENES247/lab3-ReusableBCDhex7segDisplayCode/3_32bitsHexTo7segAnd16LEDs/vivado.log
# Journal file: C:/Users/SET253-17U.HCCMAIN/Documents/GitHub/ENES247/lab3-ReusableBCDhex7segDisplayCode/3_32bitsHexTo7segAnd16LEDs\vivado.jou
#-----------------------------------------------------------
start_gui
open_project C:/Users/SET253-17U.HCCMAIN/Documents/GitHub/ENES247/lab3-ReusableBCDhex7segDisplayCode/3_32bitsHexTo7segAnd16LEDs/3_32bitsHexTo7segAnd16LEDs.xpr
INFO: [ProjectBase 1-489] The host OS only allows 260 characters in a normal path. The project is stored in a path with more than 80 characters. If you experience issues with IP, Block Designs, or files not being found, please consider moving the project to a location with a shorter path. Alternately consider using the OS subst command to map part of the path to a drive letter.
Current project path is 'C:/Users/SET253-17U.HCCMAIN/Documents/GitHub/ENES247/lab3-ReusableBCDhex7segDisplayCode/3_32bitsHexTo7segAnd16LEDs'
Scanning sources...
Finished scanning sources
INFO: [IP_Flow 19-234] Refreshing IP repositories
INFO: [IP_Flow 19-1704] No user IP repositories specified
INFO: [IP_Flow 19-2313] Loaded Vivado IP repository 'C:/Xilinx/Vivado/2018.3/data/ip'.
open_project: Time (s): cpu = 00:00:12 ; elapsed = 00:00:06 . Memory (MB): peak = 726.969 ; gain = 122.621
update_compile_order -fileset sources_1
