#-----------------------------------------------------------
# Vivado v2018.3 (64-bit)
# SW Build 2405991 on Thu Dec  6 23:38:27 MST 2018
# IP Build 2404404 on Fri Dec  7 01:43:56 MST 2018
# Start of session at: Wed May 15 17:09:10 2019
# Process ID: 50516
# Current directory: C:/Users/Mert Akin/Documents/GITHUB/lab7-Behavioral-Modeling/lab7_1_5
# Command line: vivado.exe -gui_launcher_event rodinguilauncherevent51904 C:\Users\Mert Akin\Documents\GITHUB\lab7-Behavioral-Modeling\lab7_1_5\lab7_1_5.xpr
# Log file: C:/Users/Mert Akin/Documents/GITHUB/lab7-Behavioral-Modeling/lab7_1_5/vivado.log
# Journal file: C:/Users/Mert Akin/Documents/GITHUB/lab7-Behavioral-Modeling/lab7_1_5\vivado.jou
#-----------------------------------------------------------
start_gui
open_project {C:/Users/Mert Akin/Documents/GITHUB/lab7-Behavioral-Modeling/lab7_1_5/lab7_1_5.xpr}
Scanning sources...
Finished scanning sources
INFO: [IP_Flow 19-234] Refreshing IP repositories
INFO: [IP_Flow 19-1704] No user IP repositories specified
INFO: [IP_Flow 19-2313] Loaded Vivado IP repository 'E:/Xilinx/Vivado/2018.3/data/ip'.
open_project: Time (s): cpu = 00:00:23 ; elapsed = 00:00:08 . Memory (MB): peak = 705.789 ; gain = 95.844
update_compile_order -fileset sources_1
exit
INFO: [Common 17-206] Exiting Vivado at Wed May 15 22:16:35 2019...
