#-----------------------------------------------------------
# Vivado v2018.3 (64-bit)
# SW Build 2405991 on Thu Dec  6 23:38:27 MST 2018
# IP Build 2404404 on Fri Dec  7 01:43:56 MST 2018
# Start of session at: Thu Jan 31 16:45:54 2019
# Process ID: 10536
# Current directory: C:/Users/SET253-04U.HCCMAIN/Documents/GitHub/ENES247-master/ENES247_Yakin/lab1-mux/lab1_3_mux2-1-1bitwide-reg
# Command line: vivado.exe -gui_launcher_event rodinguilauncherevent10032 C:\Users\SET253-04U.HCCMAIN\Documents\GitHub\ENES247-master\ENES247_Yakin\lab1-mux\lab1_3_mux2-1-1bitwide-reg\lab1_3_mux2-1-1bitwide-reg.xpr
# Log file: C:/Users/SET253-04U.HCCMAIN/Documents/GitHub/ENES247-master/ENES247_Yakin/lab1-mux/lab1_3_mux2-1-1bitwide-reg/vivado.log
# Journal file: C:/Users/SET253-04U.HCCMAIN/Documents/GitHub/ENES247-master/ENES247_Yakin/lab1-mux/lab1_3_mux2-1-1bitwide-reg\vivado.jou
#-----------------------------------------------------------
start_gui
open_project C:/Users/SET253-04U.HCCMAIN/Documents/GitHub/ENES247-master/ENES247_Yakin/lab1-mux/lab1_3_mux2-1-1bitwide-reg/lab1_3_mux2-1-1bitwide-reg.xpr
INFO: [ProjectBase 1-489] The host OS only allows 260 characters in a normal path. The project is stored in a path with more than 80 characters. If you experience issues with IP, Block Designs, or files not being found, please consider moving the project to a location with a shorter path. Alternately consider using the OS subst command to map part of the path to a drive letter.
Current project path is 'C:/Users/SET253-04U.HCCMAIN/Documents/GitHub/ENES247-master/ENES247_Yakin/lab1-mux/lab1_3_mux2-1-1bitwide-reg'
INFO: [Project 1-313] Project file moved from 'C:/Users/FoersterGame/Documents/GitHub/ENES247/lab1-mux/lab1_3_mux2-1-1bitwide-reg' since last save.
Scanning sources...
Finished scanning sources
WARNING: [filemgmt 56-2] IPUserFilesDir: Could not find the directory 'C:/Users/SET253-04U.HCCMAIN/Documents/GitHub/ENES247-master/ENES247_Yakin/lab1-mux/lab1_3_mux2-1-1bitwide-reg/lab1_3_mux2-1-1bitwide-reg.ip_user_files', nor could it be found using path 'C:/Users/FoersterGame/Documents/GitHub/ENES247/lab1-mux/lab1_3_mux2-1-1bitwide-reg/lab1_3_mux2-1-1bitwide-reg.ip_user_files'.
INFO: [IP_Flow 19-234] Refreshing IP repositories
INFO: [IP_Flow 19-1704] No user IP repositories specified
INFO: [IP_Flow 19-2313] Loaded Vivado IP repository 'C:/Xilinx/Vivado/2018.3/data/ip'.
open_project: Time (s): cpu = 00:00:12 ; elapsed = 00:00:06 . Memory (MB): peak = 723.480 ; gain = 117.773
update_compile_order -fileset sources_1
synth_design -rtl -name rtl_1
Command: synth_design -rtl -name rtl_1
Starting synth_design
Using part: xc7a100tcsg324-1
Top: mux_2_to_1_behavior
---------------------------------------------------------------------------------
Starting RTL Elaboration : Time (s): cpu = 00:00:03 ; elapsed = 00:00:02 . Memory (MB): peak = 793.156 ; gain = 50.172
---------------------------------------------------------------------------------
INFO: [Synth 8-6157] synthesizing module 'mux_2_to_1_behavior' [C:/Users/SET253-04U.HCCMAIN/Documents/GitHub/ENES247-master/ENES247_Yakin/lab1-mux/lab1_3_mux2-1-1bitwide-reg/lab1_3_mux2-1-1bitwide-reg.srcs/sources_1/imports/lab1_3_mux2-1-1bitwide-reg/mux_2_to_1_behavior.v:6]
INFO: [Synth 8-6155] done synthesizing module 'mux_2_to_1_behavior' (1#1) [C:/Users/SET253-04U.HCCMAIN/Documents/GitHub/ENES247-master/ENES247_Yakin/lab1-mux/lab1_3_mux2-1-1bitwide-reg/lab1_3_mux2-1-1bitwide-reg.srcs/sources_1/imports/lab1_3_mux2-1-1bitwide-reg/mux_2_to_1_behavior.v:6]
---------------------------------------------------------------------------------
Finished RTL Elaboration : Time (s): cpu = 00:00:03 ; elapsed = 00:00:03 . Memory (MB): peak = 835.520 ; gain = 92.535
---------------------------------------------------------------------------------

Report Check Netlist: 
+------+------------------+-------+---------+-------+------------------+
|      |Item              |Errors |Warnings |Status |Description       |
+------+------------------+-------+---------+-------+------------------+
|1     |multi_driven_nets |      0|        0|Passed |Multi driven nets |
+------+------------------+-------+---------+-------+------------------+
---------------------------------------------------------------------------------
Start Handling Custom Attributes
---------------------------------------------------------------------------------
---------------------------------------------------------------------------------
Finished Handling Custom Attributes : Time (s): cpu = 00:00:03 ; elapsed = 00:00:03 . Memory (MB): peak = 835.520 ; gain = 92.535
---------------------------------------------------------------------------------
---------------------------------------------------------------------------------
Finished RTL Optimization Phase 1 : Time (s): cpu = 00:00:03 ; elapsed = 00:00:03 . Memory (MB): peak = 835.520 ; gain = 92.535
---------------------------------------------------------------------------------
INFO: [Device 21-403] Loading part xc7a100tcsg324-1
INFO: [Project 1-570] Preparing netlist for logic optimization

Processing XDC Constraints
Initializing timing engine
Parsing XDC File [C:/Users/SET253-04U.HCCMAIN/Documents/GitHub/ENES247-master/ENES247_Yakin/lab1-mux/lab1_3_mux2-1-1bitwide-reg/lab1_3_mux2-1-1bitwide-reg.srcs/constrs_1/imports/lab1_3_mux2-1-1bitwide-reg/Nexys4DDR_Master.xdc]
Finished Parsing XDC File [C:/Users/SET253-04U.HCCMAIN/Documents/GitHub/ENES247-master/ENES247_Yakin/lab1-mux/lab1_3_mux2-1-1bitwide-reg/lab1_3_mux2-1-1bitwide-reg.srcs/constrs_1/imports/lab1_3_mux2-1-1bitwide-reg/Nexys4DDR_Master.xdc]
Completed Processing XDC Constraints

INFO: [Opt 31-138] Pushed 0 inverter(s) to 0 load pin(s).
Netlist sorting complete. Time (s): cpu = 00:00:00 ; elapsed = 00:00:00 . Memory (MB): peak = 1090.164 ; gain = 0.000
INFO: [Project 1-111] Unisim Transformation Summary:
No Unisim elements were transformed.

RTL Elaboration Complete:  : Time (s): cpu = 00:00:16 ; elapsed = 00:00:12 . Memory (MB): peak = 1201.848 ; gain = 458.863
6 Infos, 0 Warnings, 0 Critical Warnings and 0 Errors encountered.
synth_design completed successfully
synth_design: Time (s): cpu = 00:00:16 ; elapsed = 00:00:12 . Memory (MB): peak = 1201.848 ; gain = 458.863
reset_run synth_1
launch_runs synth_1 -jobs 2
[Thu Jan 31 16:46:39 2019] Launched synth_1...
Run output will be captured here: C:/Users/SET253-04U.HCCMAIN/Documents/GitHub/ENES247-master/ENES247_Yakin/lab1-mux/lab1_3_mux2-1-1bitwide-reg/lab1_3_mux2-1-1bitwide-reg.runs/synth_1/runme.log
launch_runs impl_1 -jobs 2
[Thu Jan 31 16:47:16 2019] Launched impl_1...
Run output will be captured here: C:/Users/SET253-04U.HCCMAIN/Documents/GitHub/ENES247-master/ENES247_Yakin/lab1-mux/lab1_3_mux2-1-1bitwide-reg/lab1_3_mux2-1-1bitwide-reg.runs/impl_1/runme.log
launch_runs impl_1 -to_step write_bitstream -jobs 2
[Thu Jan 31 16:48:54 2019] Launched impl_1...
Run output will be captured here: C:/Users/SET253-04U.HCCMAIN/Documents/GitHub/ENES247-master/ENES247_Yakin/lab1-mux/lab1_3_mux2-1-1bitwide-reg/lab1_3_mux2-1-1bitwide-reg.runs/impl_1/runme.log
