#-----------------------------------------------------------
# Vivado v2018.3 (64-bit)
# SW Build 2405991 on Thu Dec  6 23:38:27 MST 2018
# IP Build 2404404 on Fri Dec  7 01:43:56 MST 2018
# Start of session at: Thu Jan 31 15:53:27 2019
# Process ID: 12208
# Current directory: C:/Users/SET253-04U.HCCMAIN/Documents/GitHub/ENES247-master/ENES247_Yakin/lab1-mux/lab1_1_mux2-1-2bitwide
# Command line: vivado.exe -gui_launcher_event rodinguilauncherevent11360 C:\Users\SET253-04U.HCCMAIN\Documents\GitHub\ENES247-master\ENES247_Yakin\lab1-mux\lab1_1_mux2-1-2bitwide\lab1_1_mux2-1-2bitwide.xpr
# Log file: C:/Users/SET253-04U.HCCMAIN/Documents/GitHub/ENES247-master/ENES247_Yakin/lab1-mux/lab1_1_mux2-1-2bitwide/vivado.log
# Journal file: C:/Users/SET253-04U.HCCMAIN/Documents/GitHub/ENES247-master/ENES247_Yakin/lab1-mux/lab1_1_mux2-1-2bitwide\vivado.jou
#-----------------------------------------------------------
start_gui
open_project C:/Users/SET253-04U.HCCMAIN/Documents/GitHub/ENES247-master/ENES247_Yakin/lab1-mux/lab1_1_mux2-1-2bitwide/lab1_1_mux2-1-2bitwide.xpr
INFO: [ProjectBase 1-489] The host OS only allows 260 characters in a normal path. The project is stored in a path with more than 80 characters. If you experience issues with IP, Block Designs, or files not being found, please consider moving the project to a location with a shorter path. Alternately consider using the OS subst command to map part of the path to a drive letter.
Current project path is 'C:/Users/SET253-04U.HCCMAIN/Documents/GitHub/ENES247-master/ENES247_Yakin/lab1-mux/lab1_1_mux2-1-2bitwide'
INFO: [Project 1-313] Project file moved from 'C:/Users/FoersterGame/Documents/GitHub/ENES247/lab1-mux/lab1_1_mux2-1-2bitwide' since last save.
Scanning sources...
Finished scanning sources
INFO: [IP_Flow 19-234] Refreshing IP repositories
INFO: [IP_Flow 19-1704] No user IP repositories specified
INFO: [IP_Flow 19-2313] Loaded Vivado IP repository 'C:/Xilinx/Vivado/2018.3/data/ip'.
open_project: Time (s): cpu = 00:00:12 ; elapsed = 00:00:06 . Memory (MB): peak = 743.969 ; gain = 139.734
synth_design -rtl -name rtl_1
Command: synth_design -rtl -name rtl_1
Starting synth_design
Using part: xc7a100tcsg324-1
Top: mux_2bit_2_to_1_gate
---------------------------------------------------------------------------------
Starting RTL Elaboration : Time (s): cpu = 00:00:02 ; elapsed = 00:00:02 . Memory (MB): peak = 792.758 ; gain = 44.344
---------------------------------------------------------------------------------
INFO: [Synth 8-6157] synthesizing module 'mux_2bit_2_to_1_gate' [C:/Users/SET253-04U.HCCMAIN/Documents/GitHub/ENES247-master/ENES247_Yakin/lab1-mux/lab1_1_mux2-1-2bitwide/lab1_1_mux2-1-2bitwide.srcs/sources_1/imports/lab1_1_mux2-1-2bitwide/mux_2bit_2_to_1_gate.v:6]
INFO: [Synth 8-6155] done synthesizing module 'mux_2bit_2_to_1_gate' (1#1) [C:/Users/SET253-04U.HCCMAIN/Documents/GitHub/ENES247-master/ENES247_Yakin/lab1-mux/lab1_1_mux2-1-2bitwide/lab1_1_mux2-1-2bitwide.srcs/sources_1/imports/lab1_1_mux2-1-2bitwide/mux_2bit_2_to_1_gate.v:6]
---------------------------------------------------------------------------------
Finished RTL Elaboration : Time (s): cpu = 00:00:03 ; elapsed = 00:00:03 . Memory (MB): peak = 834.672 ; gain = 86.258
---------------------------------------------------------------------------------

Report Check Netlist: 
+------+------------------+-------+---------+-------+------------------+
|      |Item              |Errors |Warnings |Status |Description       |
+------+------------------+-------+---------+-------+------------------+
|1     |multi_driven_nets |      0|        0|Passed |Multi driven nets |
+------+------------------+-------+---------+-------+------------------+
---------------------------------------------------------------------------------
Start Handling Custom Attributes
---------------------------------------------------------------------------------
---------------------------------------------------------------------------------
Finished Handling Custom Attributes : Time (s): cpu = 00:00:03 ; elapsed = 00:00:03 . Memory (MB): peak = 834.672 ; gain = 86.258
---------------------------------------------------------------------------------
---------------------------------------------------------------------------------
Finished RTL Optimization Phase 1 : Time (s): cpu = 00:00:03 ; elapsed = 00:00:03 . Memory (MB): peak = 834.672 ; gain = 86.258
---------------------------------------------------------------------------------
INFO: [Device 21-403] Loading part xc7a100tcsg324-1
INFO: [Project 1-570] Preparing netlist for logic optimization

Processing XDC Constraints
Initializing timing engine
Parsing XDC File [C:/Users/SET253-04U.HCCMAIN/Documents/GitHub/ENES247-master/ENES247_Yakin/lab1-mux/lab1_1_mux2-1-2bitwide/lab1_1_mux2-1-2bitwide.srcs/constrs_1/imports/lab1_1_mux2-1-2bitwide/Nexys4DDR_Master.xdc]
Finished Parsing XDC File [C:/Users/SET253-04U.HCCMAIN/Documents/GitHub/ENES247-master/ENES247_Yakin/lab1-mux/lab1_1_mux2-1-2bitwide/lab1_1_mux2-1-2bitwide.srcs/constrs_1/imports/lab1_1_mux2-1-2bitwide/Nexys4DDR_Master.xdc]
Completed Processing XDC Constraints

INFO: [Opt 31-138] Pushed 0 inverter(s) to 0 load pin(s).
Netlist sorting complete. Time (s): cpu = 00:00:00 ; elapsed = 00:00:00 . Memory (MB): peak = 1120.141 ; gain = 0.000
INFO: [Project 1-111] Unisim Transformation Summary:
No Unisim elements were transformed.

RTL Elaboration Complete:  : Time (s): cpu = 00:00:16 ; elapsed = 00:00:13 . Memory (MB): peak = 1238.641 ; gain = 490.227
6 Infos, 0 Warnings, 0 Critical Warnings and 0 Errors encountered.
synth_design completed successfully
synth_design: Time (s): cpu = 00:00:17 ; elapsed = 00:00:13 . Memory (MB): peak = 1238.641 ; gain = 490.227
update_compile_order -fileset sources_1
reset_run synth_1
launch_runs synth_1 -jobs 2
[Thu Jan 31 15:54:15 2019] Launched synth_1...
Run output will be captured here: C:/Users/SET253-04U.HCCMAIN/Documents/GitHub/ENES247-master/ENES247_Yakin/lab1-mux/lab1_1_mux2-1-2bitwide/lab1_1_mux2-1-2bitwide.runs/synth_1/runme.log
launch_runs impl_1 -jobs 2
[Thu Jan 31 15:55:32 2019] Launched impl_1...
Run output will be captured here: C:/Users/SET253-04U.HCCMAIN/Documents/GitHub/ENES247-master/ENES247_Yakin/lab1-mux/lab1_1_mux2-1-2bitwide/lab1_1_mux2-1-2bitwide.runs/impl_1/runme.log
launch_runs impl_1 -to_step write_bitstream -jobs 2
[Thu Jan 31 15:59:05 2019] Launched impl_1...
Run output will be captured here: C:/Users/SET253-04U.HCCMAIN/Documents/GitHub/ENES247-master/ENES247_Yakin/lab1-mux/lab1_1_mux2-1-2bitwide/lab1_1_mux2-1-2bitwide.runs/impl_1/runme.log
open_hw
connect_hw_server
INFO: [Labtools 27-2285] Connecting to hw_server url TCP:localhost:3121
INFO: [Labtools 27-2222] Launching hw_server...
INFO: [Labtools 27-2221] Launch Output:

****** Xilinx hw_server v2018.3
  **** Build date : Dec  7 2018-00:40:27
    ** Copyright 1986-2018 Xilinx, Inc. All Rights Reserved.


open_hw_target
INFO: [Labtoolstcl 44-466] Opening hw_target localhost:3121/xilinx_tcf/Digilent/210292A6EEBBA
set_property PROGRAM.FILE {C:/Users/SET253-04U.HCCMAIN/Documents/GitHub/ENES247-master/ENES247_Yakin/lab1-mux/lab1_1_mux2-1-2bitwide/lab1_1_mux2-1-2bitwide.runs/impl_1/mux_2bit_2_to_1_gate.bit} [get_hw_devices xc7a100t_0]
current_hw_device [get_hw_devices xc7a100t_0]
refresh_hw_device -update_hw_probes false [lindex [get_hw_devices xc7a100t_0] 0]
INFO: [Labtools 27-1434] Device xc7a100t (JTAG device index = 0) is programmed with a design that has no supported debug core(s) in it.
set_property PROBES.FILE {} [get_hw_devices xc7a100t_0]
set_property FULL_PROBES.FILE {} [get_hw_devices xc7a100t_0]
set_property PROGRAM.FILE {C:/Users/SET253-04U.HCCMAIN/Documents/GitHub/ENES247-master/ENES247_Yakin/lab1-mux/lab1_1_mux2-1-2bitwide/lab1_1_mux2-1-2bitwide.runs/impl_1/mux_2bit_2_to_1_gate.bit} [get_hw_devices xc7a100t_0]
program_hw_devices [get_hw_devices xc7a100t_0]
INFO: [Labtools 27-3164] End of startup status: HIGH
refresh_hw_device [lindex [get_hw_devices xc7a100t_0] 0]
INFO: [Labtools 27-1434] Device xc7a100t (JTAG device index = 0) is programmed with a design that has no supported debug core(s) in it.
open_run impl_1
INFO: [Project 1-479] Netlist was created with Vivado 2018.3
INFO: [Project 1-570] Preparing netlist for logic optimization
INFO: [Timing 38-478] Restoring timing data from binary archive.
INFO: [Timing 38-479] Binary timing data restore complete.
INFO: [Project 1-856] Restoring constraints from binary archive.
INFO: [Project 1-853] Binary constraint restore complete.
Reading XDEF placement.
Reading placer database...
Reading XDEF routing.
Read XDEF File: Time (s): cpu = 00:00:00 ; elapsed = 00:00:00.043 . Memory (MB): peak = 2818.215 ; gain = 0.000
Restored from archive | CPU: 0.000000 secs | Memory: 0.000000 MB |
Finished XDEF File Restore: Time (s): cpu = 00:00:00 ; elapsed = 00:00:00.043 . Memory (MB): peak = 2818.215 ; gain = 0.000
Netlist sorting complete. Time (s): cpu = 00:00:00 ; elapsed = 00:00:00 . Memory (MB): peak = 2818.215 ; gain = 0.000
INFO: [Project 1-111] Unisim Transformation Summary:
No Unisim elements were transformed.

open_run: Time (s): cpu = 00:00:16 ; elapsed = 00:00:14 . Memory (MB): peak = 2930.012 ; gain = 751.863
WARNING: [Timing 38-313] There are no user specified timing constraints. Timing constraints are needed for proper timing analysis.
current_design rtl_1
close_design
open_run synth_1 -name synth_1
Design is defaulting to impl run constrset: constrs_1
Design is defaulting to synth run part: xc7a100tcsg324-1
INFO: [Project 1-479] Netlist was created with Vivado 2018.3
INFO: [Project 1-570] Preparing netlist for logic optimization
Parsing XDC File [C:/Users/SET253-04U.HCCMAIN/Documents/GitHub/ENES247-master/ENES247_Yakin/lab1-mux/lab1_1_mux2-1-2bitwide/lab1_1_mux2-1-2bitwide.srcs/constrs_1/imports/lab1_1_mux2-1-2bitwide/Nexys4DDR_Master.xdc]
Finished Parsing XDC File [C:/Users/SET253-04U.HCCMAIN/Documents/GitHub/ENES247-master/ENES247_Yakin/lab1-mux/lab1_1_mux2-1-2bitwide/lab1_1_mux2-1-2bitwide.srcs/constrs_1/imports/lab1_1_mux2-1-2bitwide/Nexys4DDR_Master.xdc]
INFO: [Opt 31-138] Pushed 0 inverter(s) to 0 load pin(s).
Netlist sorting complete. Time (s): cpu = 00:00:00 ; elapsed = 00:00:00 . Memory (MB): peak = 3038.219 ; gain = 0.000
INFO: [Project 1-111] Unisim Transformation Summary:
No Unisim elements were transformed.

close_design
synth_design -rtl -name rtl_1
Command: synth_design -rtl -name rtl_1
Starting synth_design
Using part: xc7a100tcsg324-1
Top: mux_2bit_2_to_1_gate
---------------------------------------------------------------------------------
Starting RTL Elaboration : Time (s): cpu = 00:00:02 ; elapsed = 00:00:02 . Memory (MB): peak = 3061.246 ; gain = 0.000
---------------------------------------------------------------------------------
INFO: [Synth 8-6157] synthesizing module 'mux_2bit_2_to_1_gate' [C:/Users/SET253-04U.HCCMAIN/Documents/GitHub/ENES247-master/ENES247_Yakin/lab1-mux/lab1_1_mux2-1-2bitwide/lab1_1_mux2-1-2bitwide.srcs/sources_1/imports/lab1_1_mux2-1-2bitwide/mux_2bit_2_to_1_gate.v:6]
INFO: [Synth 8-6155] done synthesizing module 'mux_2bit_2_to_1_gate' (1#1) [C:/Users/SET253-04U.HCCMAIN/Documents/GitHub/ENES247-master/ENES247_Yakin/lab1-mux/lab1_1_mux2-1-2bitwide/lab1_1_mux2-1-2bitwide.srcs/sources_1/imports/lab1_1_mux2-1-2bitwide/mux_2bit_2_to_1_gate.v:6]
---------------------------------------------------------------------------------
Finished RTL Elaboration : Time (s): cpu = 00:00:03 ; elapsed = 00:00:03 . Memory (MB): peak = 3061.246 ; gain = 0.000
---------------------------------------------------------------------------------

Report Check Netlist: 
+------+------------------+-------+---------+-------+------------------+
|      |Item              |Errors |Warnings |Status |Description       |
+------+------------------+-------+---------+-------+------------------+
|1     |multi_driven_nets |      0|        0|Passed |Multi driven nets |
+------+------------------+-------+---------+-------+------------------+
---------------------------------------------------------------------------------
Start Handling Custom Attributes
---------------------------------------------------------------------------------
---------------------------------------------------------------------------------
Finished Handling Custom Attributes : Time (s): cpu = 00:00:03 ; elapsed = 00:00:03 . Memory (MB): peak = 3061.246 ; gain = 0.000
---------------------------------------------------------------------------------
---------------------------------------------------------------------------------
Finished RTL Optimization Phase 1 : Time (s): cpu = 00:00:03 ; elapsed = 00:00:03 . Memory (MB): peak = 3061.246 ; gain = 0.000
---------------------------------------------------------------------------------
INFO: [Project 1-570] Preparing netlist for logic optimization

Processing XDC Constraints
Initializing timing engine
Parsing XDC File [C:/Users/SET253-04U.HCCMAIN/Documents/GitHub/ENES247-master/ENES247_Yakin/lab1-mux/lab1_1_mux2-1-2bitwide/lab1_1_mux2-1-2bitwide.srcs/constrs_1/imports/lab1_1_mux2-1-2bitwide/Nexys4DDR_Master.xdc]
Finished Parsing XDC File [C:/Users/SET253-04U.HCCMAIN/Documents/GitHub/ENES247-master/ENES247_Yakin/lab1-mux/lab1_1_mux2-1-2bitwide/lab1_1_mux2-1-2bitwide.srcs/constrs_1/imports/lab1_1_mux2-1-2bitwide/Nexys4DDR_Master.xdc]
Completed Processing XDC Constraints

INFO: [Opt 31-138] Pushed 0 inverter(s) to 0 load pin(s).
Netlist sorting complete. Time (s): cpu = 00:00:00 ; elapsed = 00:00:00 . Memory (MB): peak = 3099.875 ; gain = 0.000
INFO: [Project 1-111] Unisim Transformation Summary:
No Unisim elements were transformed.

RTL Elaboration Complete:  : Time (s): cpu = 00:00:06 ; elapsed = 00:00:05 . Memory (MB): peak = 3099.875 ; gain = 38.629
5 Infos, 0 Warnings, 0 Critical Warnings and 0 Errors encountered.
synth_design completed successfully
synth_design: Time (s): cpu = 00:00:06 ; elapsed = 00:00:05 . Memory (MB): peak = 3099.875 ; gain = 38.629
close_design
open_run synth_1 -name synth_1
Design is defaulting to impl run constrset: constrs_1
Design is defaulting to synth run part: xc7a100tcsg324-1
INFO: [Project 1-479] Netlist was created with Vivado 2018.3
INFO: [Project 1-570] Preparing netlist for logic optimization
Parsing XDC File [C:/Users/SET253-04U.HCCMAIN/Documents/GitHub/ENES247-master/ENES247_Yakin/lab1-mux/lab1_1_mux2-1-2bitwide/lab1_1_mux2-1-2bitwide.srcs/constrs_1/imports/lab1_1_mux2-1-2bitwide/Nexys4DDR_Master.xdc]
Finished Parsing XDC File [C:/Users/SET253-04U.HCCMAIN/Documents/GitHub/ENES247-master/ENES247_Yakin/lab1-mux/lab1_1_mux2-1-2bitwide/lab1_1_mux2-1-2bitwide.srcs/constrs_1/imports/lab1_1_mux2-1-2bitwide/Nexys4DDR_Master.xdc]
INFO: [Opt 31-138] Pushed 0 inverter(s) to 0 load pin(s).
Netlist sorting complete. Time (s): cpu = 00:00:00 ; elapsed = 00:00:00 . Memory (MB): peak = 3099.875 ; gain = 0.000
INFO: [Project 1-111] Unisim Transformation Summary:
No Unisim elements were transformed.

close_design
open_run synth_1 -name synth_1
Design is defaulting to impl run constrset: constrs_1
Design is defaulting to synth run part: xc7a100tcsg324-1
INFO: [Project 1-479] Netlist was created with Vivado 2018.3
INFO: [Project 1-570] Preparing netlist for logic optimization
Parsing XDC File [C:/Users/SET253-04U.HCCMAIN/Documents/GitHub/ENES247-master/ENES247_Yakin/lab1-mux/lab1_1_mux2-1-2bitwide/lab1_1_mux2-1-2bitwide.srcs/constrs_1/imports/lab1_1_mux2-1-2bitwide/Nexys4DDR_Master.xdc]
Finished Parsing XDC File [C:/Users/SET253-04U.HCCMAIN/Documents/GitHub/ENES247-master/ENES247_Yakin/lab1-mux/lab1_1_mux2-1-2bitwide/lab1_1_mux2-1-2bitwide.srcs/constrs_1/imports/lab1_1_mux2-1-2bitwide/Nexys4DDR_Master.xdc]
INFO: [Opt 31-138] Pushed 0 inverter(s) to 0 load pin(s).
Netlist sorting complete. Time (s): cpu = 00:00:00 ; elapsed = 00:00:00 . Memory (MB): peak = 3118.586 ; gain = 0.000
INFO: [Project 1-111] Unisim Transformation Summary:
No Unisim elements were transformed.

exit
INFO: [Common 17-206] Exiting Vivado at Thu Jan 31 16:19:24 2019...
