Copyright 1986-2018 Xilinx, Inc. All Rights Reserved.
--------------------------------------------------------------------------------------------------------------------------------------------------------------------------------------------------------------
| Tool Version : Vivado v.2018.3 (win64) Build 2405991 Thu Dec  6 23:38:27 MST 2018
| Date         : Thu Feb  7 01:40:11 2019
| Host         : DESKTOP-45TA9LH running 64-bit major release  (build 9200)
| Command      : report_methodology -file mux_3_to_1_instantiation_methodology_drc_routed.rpt -pb mux_3_to_1_instantiation_methodology_drc_routed.pb -rpx mux_3_to_1_instantiation_methodology_drc_routed.rpx
| Design       : mux_3_to_1_instantiation
| Device       : xc7a100tcsg324-1
| Speed File   : -1
| Design State : Fully Routed
--------------------------------------------------------------------------------------------------------------------------------------------------------------------------------------------------------------

Report Methodology

Table of Contents
-----------------
1. REPORT SUMMARY
2. REPORT DETAILS

1. REPORT SUMMARY
-----------------
            Netlist: netlist
          Floorplan: checkpoint_mux_3_to_1_instantiation
      Design limits: <entire design considered>
             Max violations: <unlimited>
             Violations found: 0
+------+----------+-------------+------------+
| Rule | Severity | Description | Violations |
+------+----------+-------------+------------+
+------+----------+-------------+------------+

2. REPORT DETAILS
-----------------

