#-----------------------------------------------------------
# Vivado v2018.3 (64-bit)
# SW Build 2405991 on Thu Dec  6 23:38:27 MST 2018
# IP Build 2404404 on Fri Dec  7 01:43:56 MST 2018
# Start of session at: Thu Jan 31 14:52:01 2019
# Process ID: 1936
# Current directory: C:/Users/SET253-06U.HCCMAIN/Documents/Github/ENES247/lab1-mux/lab1_1_mux2-1-1bitwide
# Command line: vivado.exe -gui_launcher_event rodinguilauncherevent10060 C:\Users\SET253-06U.HCCMAIN\Documents\Github\ENES247\lab1-mux\lab1_1_mux2-1-1bitwide\lab1_1_mux2-1-1bitwide.xpr
# Log file: C:/Users/SET253-06U.HCCMAIN/Documents/Github/ENES247/lab1-mux/lab1_1_mux2-1-1bitwide/vivado.log
# Journal file: C:/Users/SET253-06U.HCCMAIN/Documents/Github/ENES247/lab1-mux/lab1_1_mux2-1-1bitwide\vivado.jou
#-----------------------------------------------------------
start_gui
open_project C:/Users/SET253-06U.HCCMAIN/Documents/Github/ENES247/lab1-mux/lab1_1_mux2-1-1bitwide/lab1_1_mux2-1-1bitwide.xpr
INFO: [ProjectBase 1-489] The host OS only allows 260 characters in a normal path. The project is stored in a path with more than 80 characters. If you experience issues with IP, Block Designs, or files not being found, please consider moving the project to a location with a shorter path. Alternately consider using the OS subst command to map part of the path to a drive letter.
Current project path is 'C:/Users/SET253-06U.HCCMAIN/Documents/Github/ENES247/lab1-mux/lab1_1_mux2-1-1bitwide'
INFO: [Project 1-313] Project file moved from 'C:/Users/FoersterGame/Documents/GitHub/ENES247/lab1-mux/lab1_1_mux2-1-1bitwide' since last save.
Scanning sources...
Finished scanning sources
WARNING: [filemgmt 56-2] IPUserFilesDir: Could not find the directory 'C:/Users/SET253-06U.HCCMAIN/Documents/Github/ENES247/lab1-mux/lab1_1_mux2-1-1bitwide/lab1_1_mux2-1-1bitwide.ip_user_files', nor could it be found using path 'C:/Users/FoersterGame/Documents/GitHub/ENES247/lab1-mux/lab1_1_mux2-1-1bitwide/lab1_1_mux2-1-1bitwide.ip_user_files'.
INFO: [IP_Flow 19-234] Refreshing IP repositories
INFO: [IP_Flow 19-1704] No user IP repositories specified
INFO: [IP_Flow 19-2313] Loaded Vivado IP repository 'C:/Xilinx/Vivado/2018.3/data/ip'.
open_project: Time (s): cpu = 00:00:16 ; elapsed = 00:00:09 . Memory (MB): peak = 722.934 ; gain = 156.109
update_compile_order -fileset sources_1
open_hw
exit
INFO: [Common 17-206] Exiting Vivado at Thu Jan 31 14:56:11 2019...
