
*** Running vivado
    with args -log gray_code_case.vdi -applog -m64 -product Vivado -messageDb vivado.pb -mode batch -source gray_code_case.tcl -notrace


****** Vivado v2018.3 (64-bit)
  **** SW Build 2405991 on Thu Dec  6 23:38:27 MST 2018
  **** IP Build 2404404 on Fri Dec  7 01:43:56 MST 2018
    ** Copyright 1986-2018 Xilinx, Inc. All Rights Reserved.

source gray_code_case.tcl -notrace
Command: open_checkpoint {C:/Users/Mert Akin/Documents/GITHUB/lab7-Behavioral-Modeling/lab7_1_4/project_1lab7_1_4.runs/impl_1/gray_code_case.dcp}

Starting open_checkpoint Task

Time (s): cpu = 00:00:00 ; elapsed = 00:00:00.044 . Memory (MB): peak = 252.344 ; gain = 0.000
INFO: [Project 1-479] Netlist was created with Vivado 2018.3
INFO: [Device 21-403] Loading part xc7a100tcsg324-1
INFO: [Project 1-570] Preparing netlist for logic optimization
INFO: [Timing 38-478] Restoring timing data from binary archive.
INFO: [Timing 38-479] Binary timing data restore complete.
INFO: [Project 1-856] Restoring constraints from binary archive.
INFO: [Project 1-853] Binary constraint restore complete.
Reading XDEF placement.
Reading placer database...
Reading XDEF routing.
Read XDEF File: Time (s): cpu = 00:00:00 ; elapsed = 00:00:00.106 . Memory (MB): peak = 1071.109 ; gain = 0.000
Restored from archive | CPU: 0.000000 secs | Memory: 0.000000 MB |
Finished XDEF File Restore: Time (s): cpu = 00:00:00 ; elapsed = 00:00:00.107 . Memory (MB): peak = 1071.109 ; gain = 0.000
Netlist sorting complete. Time (s): cpu = 00:00:00 ; elapsed = 00:00:00 . Memory (MB): peak = 1071.109 ; gain = 0.000
INFO: [Project 1-111] Unisim Transformation Summary:
No Unisim elements were transformed.

INFO: [Project 1-604] Checkpoint was created with Vivado v2018.3 (64-bit) build 2405991
open_checkpoint: Time (s): cpu = 00:00:18 ; elapsed = 00:00:19 . Memory (MB): peak = 1071.109 ; gain = 818.766
Command: opt_design
Attempting to get a license for feature 'Implementation' and/or device 'xc7a100t'
INFO: [Common 17-349] Got license for feature 'Implementation' and/or device 'xc7a100t'
Running DRC as a precondition to command opt_design

Starting DRC Task
INFO: [DRC 23-27] Running DRC with 2 threads
INFO: [Project 1-461] DRC finished with 0 Errors
INFO: [Project 1-462] Please refer to the DRC report (report_drc) for more information.

Time (s): cpu = 00:00:00 ; elapsed = 00:00:00.088 . Memory (MB): peak = 1071.109 ; gain = 0.000

Starting Cache Timing Information Task
INFO: [Timing 38-35] Done setting XDC timing constraints.
Ending Cache Timing Information Task | Checksum: 1391281bc

Time (s): cpu = 00:00:00 ; elapsed = 00:00:00.033 . Memory (MB): peak = 1116.004 ; gain = 44.895

Starting Logic Optimization Task

Phase 1 Retarget
INFO: [Opt 31-138] Pushed 0 inverter(s) to 0 load pin(s).
INFO: [Opt 31-49] Retargeted 0 cell(s).
Phase 1 Retarget | Checksum: 1391281bc

Time (s): cpu = 00:00:00 ; elapsed = 00:00:00.084 . Memory (MB): peak = 1204.949 ; gain = 0.000
INFO: [Opt 31-389] Phase Retarget created 0 cells and removed 0 cells

Phase 2 Constant propagation
INFO: [Opt 31-138] Pushed 0 inverter(s) to 0 load pin(s).
Phase 2 Constant propagation | Checksum: 1391281bc

Time (s): cpu = 00:00:00 ; elapsed = 00:00:00.085 . Memory (MB): peak = 1204.949 ; gain = 0.000
INFO: [Opt 31-389] Phase Constant propagation created 0 cells and removed 0 cells

Phase 3 Sweep
Phase 3 Sweep | Checksum: 1391281bc

Time (s): cpu = 00:00:00 ; elapsed = 00:00:00.087 . Memory (MB): peak = 1204.949 ; gain = 0.000
INFO: [Opt 31-389] Phase Sweep created 0 cells and removed 0 cells

Phase 4 BUFG optimization
Phase 4 BUFG optimization | Checksum: 1391281bc

Time (s): cpu = 00:00:00 ; elapsed = 00:00:00.089 . Memory (MB): peak = 1204.949 ; gain = 0.000
INFO: [Opt 31-662] Phase BUFG optimization created 0 cells of which 0 are BUFGs and removed 0 cells.

Phase 5 Shift Register Optimization
Phase 5 Shift Register Optimization | Checksum: 1391281bc

Time (s): cpu = 00:00:01 ; elapsed = 00:00:00.109 . Memory (MB): peak = 1204.949 ; gain = 0.000
INFO: [Opt 31-389] Phase Shift Register Optimization created 0 cells and removed 0 cells

Phase 6 Post Processing Netlist
Phase 6 Post Processing Netlist | Checksum: 1391281bc

Time (s): cpu = 00:00:01 ; elapsed = 00:00:00.109 . Memory (MB): peak = 1204.949 ; gain = 0.000
INFO: [Opt 31-389] Phase Post Processing Netlist created 0 cells and removed 0 cells
Opt_design Change Summary
=========================


-------------------------------------------------------------------------------------------------------------------------
|  Phase                        |  #Cells created  |  #Cells Removed  |  #Constrained objects preventing optimizations  |
-------------------------------------------------------------------------------------------------------------------------
|  Retarget                     |               0  |               0  |                                              0  |
|  Constant propagation         |               0  |               0  |                                              0  |
|  Sweep                        |               0  |               0  |                                              0  |
|  BUFG optimization            |               0  |               0  |                                              0  |
|  Shift Register Optimization  |               0  |               0  |                                              0  |
|  Post Processing Netlist      |               0  |               0  |                                              0  |
-------------------------------------------------------------------------------------------------------------------------



Starting Connectivity Check Task

Time (s): cpu = 00:00:00 ; elapsed = 00:00:00 . Memory (MB): peak = 1204.949 ; gain = 0.000
Ending Logic Optimization Task | Checksum: 1391281bc

Time (s): cpu = 00:00:01 ; elapsed = 00:00:00.112 . Memory (MB): peak = 1204.949 ; gain = 0.000

Starting Power Optimization Task
INFO: [Pwropt 34-132] Skipping clock gating for clocks with a period < 2.00 ns.
Ending Power Optimization Task | Checksum: 1391281bc

Time (s): cpu = 00:00:00 ; elapsed = 00:00:00.007 . Memory (MB): peak = 1204.949 ; gain = 0.000

Starting Final Cleanup Task
Ending Final Cleanup Task | Checksum: 1391281bc

Time (s): cpu = 00:00:00 ; elapsed = 00:00:00 . Memory (MB): peak = 1204.949 ; gain = 0.000

Starting Netlist Obfuscation Task
Netlist sorting complete. Time (s): cpu = 00:00:00 ; elapsed = 00:00:00 . Memory (MB): peak = 1204.949 ; gain = 0.000
Ending Netlist Obfuscation Task | Checksum: 1391281bc

Time (s): cpu = 00:00:00 ; elapsed = 00:00:00.001 . Memory (MB): peak = 1204.949 ; gain = 0.000
INFO: [Common 17-83] Releasing license: Implementation
25 Infos, 0 Warnings, 0 Critical Warnings and 0 Errors encountered.
opt_design completed successfully
Netlist sorting complete. Time (s): cpu = 00:00:00 ; elapsed = 00:00:00 . Memory (MB): peak = 1204.949 ; gain = 0.000
INFO: [Timing 38-480] Writing timing data to binary archive.
Writing placer database...
Writing XDEF routing.
Writing XDEF routing logical nets.
Writing XDEF routing special nets.
Write XDEF Complete: Time (s): cpu = 00:00:00 ; elapsed = 00:00:00.054 . Memory (MB): peak = 1204.949 ; gain = 0.000
Netlist sorting complete. Time (s): cpu = 00:00:00 ; elapsed = 00:00:00 . Memory (MB): peak = 1204.949 ; gain = 0.000
INFO: [Common 17-1381] The checkpoint 'C:/Users/Mert Akin/Documents/GITHUB/lab7-Behavioral-Modeling/lab7_1_4/project_1lab7_1_4.runs/impl_1/gray_code_case_opt.dcp' has been generated.
INFO: [runtcl-4] Executing : report_drc -file gray_code_case_drc_opted.rpt -pb gray_code_case_drc_opted.pb -rpx gray_code_case_drc_opted.rpx
Command: report_drc -file gray_code_case_drc_opted.rpt -pb gray_code_case_drc_opted.pb -rpx gray_code_case_drc_opted.rpx
INFO: [IP_Flow 19-234] Refreshing IP repositories
INFO: [IP_Flow 19-1704] No user IP repositories specified
INFO: [IP_Flow 19-2313] Loaded Vivado IP repository 'E:/Xilinx/Vivado/2018.3/data/ip'.
INFO: [DRC 23-27] Running DRC with 2 threads
INFO: [Coretcl 2-168] The results of DRC are in file C:/Users/Mert Akin/Documents/GITHUB/lab7-Behavioral-Modeling/lab7_1_4/project_1lab7_1_4.runs/impl_1/gray_code_case_drc_opted.rpt.
report_drc completed successfully
Command: place_design
Attempting to get a license for feature 'Implementation' and/or device 'xc7a100t'
INFO: [Common 17-349] Got license for feature 'Implementation' and/or device 'xc7a100t'
INFO: [DRC 23-27] Running DRC with 2 threads
INFO: [Vivado_Tcl 4-198] DRC finished with 0 Errors
INFO: [Vivado_Tcl 4-199] Please refer to the DRC report (report_drc) for more information.
Running DRC as a precondition to command place_design
INFO: [DRC 23-27] Running DRC with 2 threads
INFO: [Vivado_Tcl 4-198] DRC finished with 0 Errors
INFO: [Vivado_Tcl 4-199] Please refer to the DRC report (report_drc) for more information.

Starting Placer Task
INFO: [Place 30-611] Multithreading enabled for place_design using a maximum of 2 CPUs

Phase 1 Placer Initialization

Phase 1.1 Placer Initialization Netlist Sorting
Netlist sorting complete. Time (s): cpu = 00:00:00 ; elapsed = 00:00:00 . Memory (MB): peak = 1204.949 ; gain = 0.000
Phase 1.1 Placer Initialization Netlist Sorting | Checksum: 130c903af

Time (s): cpu = 00:00:00 ; elapsed = 00:00:00.007 . Memory (MB): peak = 1204.949 ; gain = 0.000
Netlist sorting complete. Time (s): cpu = 00:00:00 ; elapsed = 00:00:00 . Memory (MB): peak = 1204.949 ; gain = 0.000

Phase 1.2 IO Placement/ Clock Placement/ Build Placer Device
INFO: [Timing 38-35] Done setting XDC timing constraints.
Phase 1.2 IO Placement/ Clock Placement/ Build Placer Device | Checksum: 130c903af

Time (s): cpu = 00:00:01 ; elapsed = 00:00:01 . Memory (MB): peak = 1215.648 ; gain = 10.699

Phase 1.3 Build Placer Netlist Model
Phase 1.3 Build Placer Netlist Model | Checksum: 17b640ebf

Time (s): cpu = 00:00:01 ; elapsed = 00:00:01 . Memory (MB): peak = 1215.648 ; gain = 10.699

Phase 1.4 Constrain Clocks/Macros
Phase 1.4 Constrain Clocks/Macros | Checksum: 17b640ebf

Time (s): cpu = 00:00:01 ; elapsed = 00:00:01 . Memory (MB): peak = 1215.648 ; gain = 10.699
Phase 1 Placer Initialization | Checksum: 17b640ebf

Time (s): cpu = 00:00:01 ; elapsed = 00:00:01 . Memory (MB): peak = 1215.648 ; gain = 10.699

Phase 2 Global Placement

Phase 2.1 Floorplanning
Phase 2.1 Floorplanning | Checksum: 17b640ebf

Time (s): cpu = 00:00:01 ; elapsed = 00:00:01 . Memory (MB): peak = 1217.285 ; gain = 12.336
WARNING: [Place 46-29] place_design is not in timing mode. Skip physical synthesis in placer
Phase 2 Global Placement | Checksum: 1e98e579b

Time (s): cpu = 00:00:01 ; elapsed = 00:00:01 . Memory (MB): peak = 1222.867 ; gain = 17.918

Phase 3 Detail Placement

Phase 3.1 Commit Multi Column Macros
Phase 3.1 Commit Multi Column Macros | Checksum: 1e98e579b

Time (s): cpu = 00:00:01 ; elapsed = 00:00:01 . Memory (MB): peak = 1222.867 ; gain = 17.918

Phase 3.2 Commit Most Macros & LUTRAMs
Phase 3.2 Commit Most Macros & LUTRAMs | Checksum: 1c3a884c9

Time (s): cpu = 00:00:01 ; elapsed = 00:00:01 . Memory (MB): peak = 1222.867 ; gain = 17.918

Phase 3.3 Area Swap Optimization
Phase 3.3 Area Swap Optimization | Checksum: 1bfe71863

Time (s): cpu = 00:00:01 ; elapsed = 00:00:01 . Memory (MB): peak = 1222.867 ; gain = 17.918

Phase 3.4 Pipeline Register Optimization
Phase 3.4 Pipeline Register Optimization | Checksum: 1bfe71863

Time (s): cpu = 00:00:01 ; elapsed = 00:00:01 . Memory (MB): peak = 1222.867 ; gain = 17.918

Phase 3.5 Small Shape Detail Placement
Phase 3.5 Small Shape Detail Placement | Checksum: 1b9ed09a9

Time (s): cpu = 00:00:02 ; elapsed = 00:00:02 . Memory (MB): peak = 1227.801 ; gain = 22.852

Phase 3.6 Re-assign LUT pins
Phase 3.6 Re-assign LUT pins | Checksum: 1b9ed09a9

Time (s): cpu = 00:00:02 ; elapsed = 00:00:02 . Memory (MB): peak = 1227.801 ; gain = 22.852

Phase 3.7 Pipeline Register Optimization
Phase 3.7 Pipeline Register Optimization | Checksum: 1b9ed09a9

Time (s): cpu = 00:00:02 ; elapsed = 00:00:02 . Memory (MB): peak = 1227.801 ; gain = 22.852
Phase 3 Detail Placement | Checksum: 1b9ed09a9

Time (s): cpu = 00:00:02 ; elapsed = 00:00:02 . Memory (MB): peak = 1227.801 ; gain = 22.852

Phase 4 Post Placement Optimization and Clean-Up

Phase 4.1 Post Commit Optimization
Phase 4.1 Post Commit Optimization | Checksum: 1b9ed09a9

Time (s): cpu = 00:00:02 ; elapsed = 00:00:02 . Memory (MB): peak = 1227.801 ; gain = 22.852

Phase 4.2 Post Placement Cleanup
Phase 4.2 Post Placement Cleanup | Checksum: 1b9ed09a9

Time (s): cpu = 00:00:02 ; elapsed = 00:00:02 . Memory (MB): peak = 1227.801 ; gain = 22.852

Phase 4.3 Placer Reporting
Phase 4.3 Placer Reporting | Checksum: 1b9ed09a9

Time (s): cpu = 00:00:02 ; elapsed = 00:00:02 . Memory (MB): peak = 1227.801 ; gain = 22.852

Phase 4.4 Final Placement Cleanup
Netlist sorting complete. Time (s): cpu = 00:00:00 ; elapsed = 00:00:00 . Memory (MB): peak = 1227.801 ; gain = 0.000
Phase 4.4 Final Placement Cleanup | Checksum: 1b9ed09a9

Time (s): cpu = 00:00:02 ; elapsed = 00:00:02 . Memory (MB): peak = 1227.801 ; gain = 22.852
Phase 4 Post Placement Optimization and Clean-Up | Checksum: 1b9ed09a9

Time (s): cpu = 00:00:02 ; elapsed = 00:00:02 . Memory (MB): peak = 1227.801 ; gain = 22.852
Ending Placer Task | Checksum: 12cd7045e

Time (s): cpu = 00:00:02 ; elapsed = 00:00:02 . Memory (MB): peak = 1227.801 ; gain = 22.852
INFO: [Common 17-83] Releasing license: Implementation
43 Infos, 1 Warnings, 0 Critical Warnings and 0 Errors encountered.
place_design completed successfully
Netlist sorting complete. Time (s): cpu = 00:00:00 ; elapsed = 00:00:00.001 . Memory (MB): peak = 1227.801 ; gain = 0.000
INFO: [Timing 38-480] Writing timing data to binary archive.
Writing placer database...
Writing XDEF routing.
Writing XDEF routing logical nets.
Writing XDEF routing special nets.
Write XDEF Complete: Time (s): cpu = 00:00:00 ; elapsed = 00:00:00.047 . Memory (MB): peak = 1227.801 ; gain = 0.000
Netlist sorting complete. Time (s): cpu = 00:00:00 ; elapsed = 00:00:00 . Memory (MB): peak = 1233.625 ; gain = 0.000
INFO: [Common 17-1381] The checkpoint 'C:/Users/Mert Akin/Documents/GITHUB/lab7-Behavioral-Modeling/lab7_1_4/project_1lab7_1_4.runs/impl_1/gray_code_case_placed.dcp' has been generated.
INFO: [runtcl-4] Executing : report_io -file gray_code_case_io_placed.rpt
report_io: Time (s): cpu = 00:00:00 ; elapsed = 00:00:00.047 . Memory (MB): peak = 1233.625 ; gain = 0.000
INFO: [runtcl-4] Executing : report_utilization -file gray_code_case_utilization_placed.rpt -pb gray_code_case_utilization_placed.pb
INFO: [runtcl-4] Executing : report_control_sets -verbose -file gray_code_case_control_sets_placed.rpt
report_control_sets: Time (s): cpu = 00:00:00 ; elapsed = 00:00:00.002 . Memory (MB): peak = 1233.625 ; gain = 0.000
Command: route_design
Attempting to get a license for feature 'Implementation' and/or device 'xc7a100t'
INFO: [Common 17-349] Got license for feature 'Implementation' and/or device 'xc7a100t'
Running DRC as a precondition to command route_design
INFO: [DRC 23-27] Running DRC with 2 threads
INFO: [Vivado_Tcl 4-198] DRC finished with 0 Errors
INFO: [Vivado_Tcl 4-199] Please refer to the DRC report (report_drc) for more information.


Starting Routing Task
INFO: [Route 35-254] Multithreading enabled for route_design using a maximum of 2 CPUs
Checksum: PlaceDB: a9936370 ConstDB: 0 ShapeSum: 8343a0ee RouteDB: 0

Phase 1 Build RT Design
Phase 1 Build RT Design | Checksum: edce82c4

Time (s): cpu = 00:00:42 ; elapsed = 00:00:38 . Memory (MB): peak = 1392.285 ; gain = 158.660
Post Restoration Checksum: NetGraph: 6da27456 NumContArr: 802c0e6e Constraints: 0 Timing: 0

Phase 2 Router Initialization
INFO: [Route 35-64] No timing constraints were detected. The router will operate in resource-optimization mode.

Phase 2.1 Fix Topology Constraints
Phase 2.1 Fix Topology Constraints | Checksum: edce82c4

Time (s): cpu = 00:00:42 ; elapsed = 00:00:38 . Memory (MB): peak = 1398.281 ; gain = 164.656

Phase 2.2 Pre Route Cleanup
Phase 2.2 Pre Route Cleanup | Checksum: edce82c4

Time (s): cpu = 00:00:42 ; elapsed = 00:00:38 . Memory (MB): peak = 1398.281 ; gain = 164.656
 Number of Nodes with overlaps = 0
Phase 2 Router Initialization | Checksum: bab949ac

Time (s): cpu = 00:00:42 ; elapsed = 00:00:38 . Memory (MB): peak = 1403.074 ; gain = 169.449

Phase 3 Initial Routing
Phase 3 Initial Routing | Checksum: 12c701593

Time (s): cpu = 00:00:43 ; elapsed = 00:00:38 . Memory (MB): peak = 1406.113 ; gain = 172.488

Phase 4 Rip-up And Reroute

Phase 4.1 Global Iteration 0
 Number of Nodes with overlaps = 0
Phase 4.1 Global Iteration 0 | Checksum: 182f0a879

Time (s): cpu = 00:00:43 ; elapsed = 00:00:38 . Memory (MB): peak = 1406.113 ; gain = 172.488
Phase 4 Rip-up And Reroute | Checksum: 182f0a879

Time (s): cpu = 00:00:43 ; elapsed = 00:00:38 . Memory (MB): peak = 1406.113 ; gain = 172.488

Phase 5 Delay and Skew Optimization
Phase 5 Delay and Skew Optimization | Checksum: 182f0a879

Time (s): cpu = 00:00:43 ; elapsed = 00:00:38 . Memory (MB): peak = 1406.113 ; gain = 172.488

Phase 6 Post Hold Fix

Phase 6.1 Hold Fix Iter
Phase 6.1 Hold Fix Iter | Checksum: 182f0a879

Time (s): cpu = 00:00:43 ; elapsed = 00:00:38 . Memory (MB): peak = 1406.113 ; gain = 172.488
Phase 6 Post Hold Fix | Checksum: 182f0a879

Time (s): cpu = 00:00:43 ; elapsed = 00:00:38 . Memory (MB): peak = 1406.113 ; gain = 172.488

Phase 7 Route finalize

Router Utilization Summary
  Global Vertical Routing Utilization    = 0.0053967 %
  Global Horizontal Routing Utilization  = 0.00191816 %
  Routable Net Status*
  *Does not include unroutable nets such as driverless and loadless.
  Run report_route_status for detailed report.
  Number of Failed Nets               = 0
  Number of Unrouted Nets             = 0
  Number of Partially Routed Nets     = 0
  Number of Node Overlaps             = 0

Congestion Report
North Dir 1x1 Area, Max Cong = 5.40541%, No Congested Regions.
South Dir 1x1 Area, Max Cong = 14.4144%, No Congested Regions.
East Dir 1x1 Area, Max Cong = 4.41176%, No Congested Regions.
West Dir 1x1 Area, Max Cong = 7.35294%, No Congested Regions.

------------------------------
Reporting congestion hotspots
------------------------------
Direction: North
----------------
Congested clusters found at Level 0
Effective congestion level: 0 Aspect Ratio: 1 Sparse Ratio: 0
Direction: South
----------------
Congested clusters found at Level 0
Effective congestion level: 0 Aspect Ratio: 1 Sparse Ratio: 0
Direction: East
----------------
Congested clusters found at Level 0
Effective congestion level: 0 Aspect Ratio: 1 Sparse Ratio: 0
Direction: West
----------------
Congested clusters found at Level 0
Effective congestion level: 0 Aspect Ratio: 1 Sparse Ratio: 0

Phase 7 Route finalize | Checksum: 182f0a879

Time (s): cpu = 00:00:43 ; elapsed = 00:00:38 . Memory (MB): peak = 1406.113 ; gain = 172.488

Phase 8 Verifying routed nets

 Verification completed successfully
Phase 8 Verifying routed nets | Checksum: 182f0a879

Time (s): cpu = 00:00:43 ; elapsed = 00:00:38 . Memory (MB): peak = 1408.125 ; gain = 174.500

Phase 9 Depositing Routes
Phase 9 Depositing Routes | Checksum: 175c943f9

Time (s): cpu = 00:00:43 ; elapsed = 00:00:38 . Memory (MB): peak = 1408.125 ; gain = 174.500
INFO: [Route 35-16] Router Completed Successfully

Time (s): cpu = 00:00:43 ; elapsed = 00:00:38 . Memory (MB): peak = 1408.125 ; gain = 174.500

Routing Is Done.
INFO: [Common 17-83] Releasing license: Implementation
56 Infos, 1 Warnings, 0 Critical Warnings and 0 Errors encountered.
route_design completed successfully
route_design: Time (s): cpu = 00:00:44 ; elapsed = 00:00:39 . Memory (MB): peak = 1408.125 ; gain = 174.500
Netlist sorting complete. Time (s): cpu = 00:00:00 ; elapsed = 00:00:00 . Memory (MB): peak = 1408.125 ; gain = 0.000
INFO: [Timing 38-480] Writing timing data to binary archive.
Writing placer database...
Writing XDEF routing.
Writing XDEF routing logical nets.
Writing XDEF routing special nets.
Write XDEF Complete: Time (s): cpu = 00:00:00 ; elapsed = 00:00:00.058 . Memory (MB): peak = 1408.125 ; gain = 0.000
Netlist sorting complete. Time (s): cpu = 00:00:00 ; elapsed = 00:00:00 . Memory (MB): peak = 1408.125 ; gain = 0.000
INFO: [Common 17-1381] The checkpoint 'C:/Users/Mert Akin/Documents/GITHUB/lab7-Behavioral-Modeling/lab7_1_4/project_1lab7_1_4.runs/impl_1/gray_code_case_routed.dcp' has been generated.
INFO: [runtcl-4] Executing : report_drc -file gray_code_case_drc_routed.rpt -pb gray_code_case_drc_routed.pb -rpx gray_code_case_drc_routed.rpx
Command: report_drc -file gray_code_case_drc_routed.rpt -pb gray_code_case_drc_routed.pb -rpx gray_code_case_drc_routed.rpx
INFO: [IP_Flow 19-1839] IP Catalog is up to date.
INFO: [DRC 23-27] Running DRC with 2 threads
INFO: [Coretcl 2-168] The results of DRC are in file C:/Users/Mert Akin/Documents/GITHUB/lab7-Behavioral-Modeling/lab7_1_4/project_1lab7_1_4.runs/impl_1/gray_code_case_drc_routed.rpt.
report_drc completed successfully
INFO: [runtcl-4] Executing : report_methodology -file gray_code_case_methodology_drc_routed.rpt -pb gray_code_case_methodology_drc_routed.pb -rpx gray_code_case_methodology_drc_routed.rpx
Command: report_methodology -file gray_code_case_methodology_drc_routed.rpt -pb gray_code_case_methodology_drc_routed.pb -rpx gray_code_case_methodology_drc_routed.rpx
INFO: [Timing 38-35] Done setting XDC timing constraints.
INFO: [DRC 23-133] Running Methodology with 2 threads
INFO: [Coretcl 2-1520] The results of Report Methodology are in file C:/Users/Mert Akin/Documents/GITHUB/lab7-Behavioral-Modeling/lab7_1_4/project_1lab7_1_4.runs/impl_1/gray_code_case_methodology_drc_routed.rpt.
report_methodology completed successfully
INFO: [runtcl-4] Executing : report_power -file gray_code_case_power_routed.rpt -pb gray_code_case_power_summary_routed.pb -rpx gray_code_case_power_routed.rpx
Command: report_power -file gray_code_case_power_routed.rpt -pb gray_code_case_power_summary_routed.pb -rpx gray_code_case_power_routed.rpx
WARNING: [Power 33-232] No user defined clocks were found in the design!
Resolution: Please specify clocks using create_clock/create_generated_clock for sequential elements. For pure combinatorial circuits, please specify a virtual clock, otherwise the vectorless estimation might be inaccurate
INFO: [Timing 38-35] Done setting XDC timing constraints.
Running Vector-less Activity Propagation...

Finished Running Vector-less Activity Propagation
68 Infos, 2 Warnings, 0 Critical Warnings and 0 Errors encountered.
report_power completed successfully
INFO: [runtcl-4] Executing : report_route_status -file gray_code_case_route_status.rpt -pb gray_code_case_route_status.pb
INFO: [runtcl-4] Executing : report_timing_summary -max_paths 10 -file gray_code_case_timing_summary_routed.rpt -pb gray_code_case_timing_summary_routed.pb -rpx gray_code_case_timing_summary_routed.rpx -warn_on_violation 
INFO: [Timing 38-91] UpdateTimingParams: Speed grade: -1, Delay Type: min_max.
INFO: [Timing 38-191] Multithreading enabled for timing update using a maximum of 2 CPUs
WARNING: [Timing 38-313] There are no user specified timing constraints. Timing constraints are needed for proper timing analysis.
INFO: [runtcl-4] Executing : report_incremental_reuse -file gray_code_case_incremental_reuse_routed.rpt
INFO: [Vivado_Tcl 4-1062] Incremental flow is disabled. No incremental reuse Info to report.
INFO: [runtcl-4] Executing : report_clock_utilization -file gray_code_case_clock_utilization_routed.rpt
INFO: [runtcl-4] Executing : report_bus_skew -warn_on_violation -file gray_code_case_bus_skew_routed.rpt -pb gray_code_case_bus_skew_routed.pb -rpx gray_code_case_bus_skew_routed.rpx
INFO: [Timing 38-91] UpdateTimingParams: Speed grade: -1, Delay Type: min_max.
INFO: [Timing 38-191] Multithreading enabled for timing update using a maximum of 2 CPUs
INFO: [Common 17-206] Exiting Vivado at Thu May  9 16:18:59 2019...
