#-----------------------------------------------------------
# Vivado v2018.3 (64-bit)
# SW Build 2405991 on Thu Dec  6 23:38:27 MST 2018
# IP Build 2404404 on Fri Dec  7 01:43:56 MST 2018
# Start of session at: Sun Mar  3 22:42:46 2019
# Process ID: 7788
# Current directory: C:/Users/FoersterGame/Documents/GitHub/ENES247/lab5-Latches_FlipFlops/SR_Latch
# Command line: vivado.exe -gui_launcher_event rodinguilauncherevent8920 C:\Users\FoersterGame\Documents\GitHub\ENES247\lab5-Latches_FlipFlops\SR_Latch\SR_Latch.xpr
# Log file: C:/Users/FoersterGame/Documents/GitHub/ENES247/lab5-Latches_FlipFlops/SR_Latch/vivado.log
# Journal file: C:/Users/FoersterGame/Documents/GitHub/ENES247/lab5-Latches_FlipFlops/SR_Latch\vivado.jou
#-----------------------------------------------------------
start_gui
open_project C:/Users/FoersterGame/Documents/GitHub/ENES247/lab5-Latches_FlipFlops/SR_Latch/SR_Latch.xpr
INFO: [Project 1-313] Project file moved from 'C:/Users/SET253-17U.HCCMAIN/Documents/GitHub/ENES247/lab5-Latches_FlipFlops/SR_Latch' since last save.
Scanning sources...
Finished scanning sources
WARNING: [filemgmt 56-2] IPUserFilesDir: Could not find the directory 'C:/Users/FoersterGame/Documents/GitHub/ENES247/lab5-Latches_FlipFlops/SR_Latch/SR_Latch.ip_user_files', nor could it be found using path 'C:/Users/SET253-17U.HCCMAIN/Documents/GitHub/ENES247/lab5-Latches_FlipFlops/SR_Latch/SR_Latch.ip_user_files'.
INFO: [IP_Flow 19-234] Refreshing IP repositories
INFO: [IP_Flow 19-1704] No user IP repositories specified
INFO: [IP_Flow 19-2313] Loaded Vivado IP repository 'C:/Xilinx/Vivado/2018.3/data/ip'.
update_compile_order -fileset sources_1
close_project
exit
INFO: [Common 17-206] Exiting Vivado at Sun Mar  3 23:05:02 2019...
