#-----------------------------------------------------------
# Vivado v2018.3 (64-bit)
# SW Build 2405991 on Thu Dec  6 23:38:27 MST 2018
# IP Build 2404404 on Fri Dec  7 01:43:56 MST 2018
# Start of session at: Thu Jan 31 16:19:40 2019
# Process ID: 1576
# Current directory: C:/Users/SET253-04U.HCCMAIN/Documents/GitHub/ENES247-master/ENES247_Yakin/lab1-mux/lab1_2_mux2-1-tristate
# Command line: vivado.exe -gui_launcher_event rodinguilauncherevent8276 C:\Users\SET253-04U.HCCMAIN\Documents\GitHub\ENES247-master\ENES247_Yakin\lab1-mux\lab1_2_mux2-1-tristate\lab1_2_mux2-1-tristate.xpr
# Log file: C:/Users/SET253-04U.HCCMAIN/Documents/GitHub/ENES247-master/ENES247_Yakin/lab1-mux/lab1_2_mux2-1-tristate/vivado.log
# Journal file: C:/Users/SET253-04U.HCCMAIN/Documents/GitHub/ENES247-master/ENES247_Yakin/lab1-mux/lab1_2_mux2-1-tristate\vivado.jou
#-----------------------------------------------------------
start_gui
open_project C:/Users/SET253-04U.HCCMAIN/Documents/GitHub/ENES247-master/ENES247_Yakin/lab1-mux/lab1_2_mux2-1-tristate/lab1_2_mux2-1-tristate.xpr
INFO: [ProjectBase 1-489] The host OS only allows 260 characters in a normal path. The project is stored in a path with more than 80 characters. If you experience issues with IP, Block Designs, or files not being found, please consider moving the project to a location with a shorter path. Alternately consider using the OS subst command to map part of the path to a drive letter.
Current project path is 'C:/Users/SET253-04U.HCCMAIN/Documents/GitHub/ENES247-master/ENES247_Yakin/lab1-mux/lab1_2_mux2-1-tristate'
INFO: [Project 1-313] Project file moved from 'C:/Users/FoersterGame/Documents/GitHub/ENES247/lab1-mux/lab1_2_mux2-1-tristate' since last save.
Scanning sources...
Finished scanning sources
WARNING: [filemgmt 56-2] IPUserFilesDir: Could not find the directory 'C:/Users/SET253-04U.HCCMAIN/Documents/GitHub/ENES247-master/ENES247_Yakin/lab1-mux/lab1_2_mux2-1-tristate/lab1_2_mux2-1-tristate.ip_user_files', nor could it be found using path 'C:/Users/FoersterGame/Documents/GitHub/ENES247/lab1-mux/lab1_2_mux2-1-tristate/lab1_2_mux2-1-tristate.ip_user_files'.
INFO: [IP_Flow 19-234] Refreshing IP repositories
INFO: [IP_Flow 19-1704] No user IP repositories specified
INFO: [IP_Flow 19-2313] Loaded Vivado IP repository 'C:/Xilinx/Vivado/2018.3/data/ip'.
open_project: Time (s): cpu = 00:00:13 ; elapsed = 00:00:06 . Memory (MB): peak = 731.941 ; gain = 137.684
update_compile_order -fileset sources_1
synth_design -rtl -name rtl_1
Command: synth_design -rtl -name rtl_1
Starting synth_design
Using part: xc7a100tcsg324-1
Top: m2x1Mux
---------------------------------------------------------------------------------
Starting RTL Elaboration : Time (s): cpu = 00:00:02 ; elapsed = 00:00:02 . Memory (MB): peak = 795.070 ; gain = 58.777
---------------------------------------------------------------------------------
INFO: [Synth 8-6157] synthesizing module 'm2x1Mux' [C:/Users/SET253-04U.HCCMAIN/Documents/GitHub/ENES247-master/ENES247_Yakin/lab1-mux/lab1_2_mux2-1-tristate/lab1_2_mux2-1-tristate.srcs/sources_1/imports/lab1_2_mux2-1-tristate/m2x1mux.v:1]
INFO: [Synth 8-6155] done synthesizing module 'm2x1Mux' (1#1) [C:/Users/SET253-04U.HCCMAIN/Documents/GitHub/ENES247-master/ENES247_Yakin/lab1-mux/lab1_2_mux2-1-tristate/lab1_2_mux2-1-tristate.srcs/sources_1/imports/lab1_2_mux2-1-tristate/m2x1mux.v:1]
---------------------------------------------------------------------------------
Finished RTL Elaboration : Time (s): cpu = 00:00:03 ; elapsed = 00:00:03 . Memory (MB): peak = 836.547 ; gain = 100.254
---------------------------------------------------------------------------------

Report Check Netlist: 
+------+------------------+-------+---------+-------+------------------+
|      |Item              |Errors |Warnings |Status |Description       |
+------+------------------+-------+---------+-------+------------------+
|1     |multi_driven_nets |      0|        0|Passed |Multi driven nets |
+------+------------------+-------+---------+-------+------------------+
---------------------------------------------------------------------------------
Start Handling Custom Attributes
---------------------------------------------------------------------------------
---------------------------------------------------------------------------------
Finished Handling Custom Attributes : Time (s): cpu = 00:00:03 ; elapsed = 00:00:03 . Memory (MB): peak = 836.547 ; gain = 100.254
---------------------------------------------------------------------------------
---------------------------------------------------------------------------------
Finished RTL Optimization Phase 1 : Time (s): cpu = 00:00:03 ; elapsed = 00:00:03 . Memory (MB): peak = 836.547 ; gain = 100.254
---------------------------------------------------------------------------------
INFO: [Device 21-403] Loading part xc7a100tcsg324-1
INFO: [Project 1-570] Preparing netlist for logic optimization

Processing XDC Constraints
Initializing timing engine
Parsing XDC File [C:/Users/SET253-04U.HCCMAIN/Documents/GitHub/ENES247-master/ENES247_Yakin/lab1-mux/lab1_2_mux2-1-tristate/lab1_2_mux2-1-tristate.srcs/constrs_1/imports/lab1_2_mux2-1-tristate/Nexys4DDR_Master.xdc]
Finished Parsing XDC File [C:/Users/SET253-04U.HCCMAIN/Documents/GitHub/ENES247-master/ENES247_Yakin/lab1-mux/lab1_2_mux2-1-tristate/lab1_2_mux2-1-tristate.srcs/constrs_1/imports/lab1_2_mux2-1-tristate/Nexys4DDR_Master.xdc]
Completed Processing XDC Constraints

INFO: [Opt 31-138] Pushed 0 inverter(s) to 0 load pin(s).
Netlist sorting complete. Time (s): cpu = 00:00:00 ; elapsed = 00:00:00 . Memory (MB): peak = 1117.418 ; gain = 0.000
INFO: [Project 1-111] Unisim Transformation Summary:
No Unisim elements were transformed.

RTL Elaboration Complete:  : Time (s): cpu = 00:00:16 ; elapsed = 00:00:12 . Memory (MB): peak = 1214.254 ; gain = 477.961
6 Infos, 0 Warnings, 0 Critical Warnings and 0 Errors encountered.
synth_design completed successfully
synth_design: Time (s): cpu = 00:00:16 ; elapsed = 00:00:12 . Memory (MB): peak = 1214.254 ; gain = 477.961
reset_run synth_1
launch_runs synth_1 -jobs 2
[Thu Jan 31 16:20:25 2019] Launched synth_1...
Run output will be captured here: C:/Users/SET253-04U.HCCMAIN/Documents/GitHub/ENES247-master/ENES247_Yakin/lab1-mux/lab1_2_mux2-1-tristate/lab1_2_mux2-1-tristate.runs/synth_1/runme.log
launch_runs impl_1 -jobs 2
[Thu Jan 31 16:21:11 2019] Launched impl_1...
Run output will be captured here: C:/Users/SET253-04U.HCCMAIN/Documents/GitHub/ENES247-master/ENES247_Yakin/lab1-mux/lab1_2_mux2-1-tristate/lab1_2_mux2-1-tristate.runs/impl_1/runme.log
launch_runs impl_1 -to_step write_bitstream -jobs 2
[Thu Jan 31 16:22:50 2019] Launched impl_1...
Run output will be captured here: C:/Users/SET253-04U.HCCMAIN/Documents/GitHub/ENES247-master/ENES247_Yakin/lab1-mux/lab1_2_mux2-1-tristate/lab1_2_mux2-1-tristate.runs/impl_1/runme.log
open_hw
connect_hw_server
INFO: [Labtools 27-2285] Connecting to hw_server url TCP:localhost:3121
INFO: [Labtools 27-2222] Launching hw_server...
INFO: [Labtools 27-2221] Launch Output:

****** Xilinx hw_server v2018.3
  **** Build date : Dec  7 2018-00:40:27
    ** Copyright 1986-2018 Xilinx, Inc. All Rights Reserved.


open_hw_target
INFO: [Labtoolstcl 44-466] Opening hw_target localhost:3121/xilinx_tcf/Digilent/210292A6EEBBA
set_property PROGRAM.FILE {C:/Users/SET253-04U.HCCMAIN/Documents/GitHub/ENES247-master/ENES247_Yakin/lab1-mux/lab1_2_mux2-1-tristate/lab1_2_mux2-1-tristate.runs/impl_1/m2x1Mux.bit} [get_hw_devices xc7a100t_0]
current_hw_device [get_hw_devices xc7a100t_0]
refresh_hw_device -update_hw_probes false [lindex [get_hw_devices xc7a100t_0] 0]
INFO: [Labtools 27-1434] Device xc7a100t (JTAG device index = 0) is programmed with a design that has no supported debug core(s) in it.
set_property PROBES.FILE {} [get_hw_devices xc7a100t_0]
set_property FULL_PROBES.FILE {} [get_hw_devices xc7a100t_0]
set_property PROGRAM.FILE {C:/Users/SET253-04U.HCCMAIN/Documents/GitHub/ENES247-master/ENES247_Yakin/lab1-mux/lab1_2_mux2-1-tristate/lab1_2_mux2-1-tristate.runs/impl_1/m2x1Mux.bit} [get_hw_devices xc7a100t_0]
program_hw_devices [get_hw_devices xc7a100t_0]
INFO: [Labtools 27-3164] End of startup status: HIGH
refresh_hw_device [lindex [get_hw_devices xc7a100t_0] 0]
INFO: [Labtools 27-1434] Device xc7a100t (JTAG device index = 0) is programmed with a design that has no supported debug core(s) in it.
set_property PROBES.FILE {} [get_hw_devices xc7a100t_0]
set_property FULL_PROBES.FILE {} [get_hw_devices xc7a100t_0]
set_property PROGRAM.FILE {C:/Users/SET253-04U.HCCMAIN/Documents/GitHub/ENES247-master/ENES247_Yakin/lab1-mux/lab1_2_mux2-1-tristate/lab1_2_mux2-1-tristate.runs/impl_1/m2x1Mux.bit} [get_hw_devices xc7a100t_0]
program_hw_devices [get_hw_devices xc7a100t_0]
INFO: [Labtools 27-3164] End of startup status: HIGH
refresh_hw_device [lindex [get_hw_devices xc7a100t_0] 0]
INFO: [Labtools 27-1434] Device xc7a100t (JTAG device index = 0) is programmed with a design that has no supported debug core(s) in it.
exit
INFO: [Common 17-206] Exiting Vivado at Thu Jan 31 16:28:52 2019...
