#-----------------------------------------------------------
# Vivado v2018.3 (64-bit)
# SW Build 2405991 on Thu Dec  6 23:38:27 MST 2018
# IP Build 2404404 on Fri Dec  7 01:43:56 MST 2018
# Start of session at: Thu Feb 14 13:23:21 2019
# Process ID: 3868
# Current directory: C:/Users/Mert Akin/Documents/GITHUB/lab2-7segDisplayofAdders/lab2_4_ThreeBitAdder
# Command line: vivado.exe -gui_launcher_event rodinguilauncherevent17168 C:\Users\Mert Akin\Documents\GITHUB\lab2-7segDisplayofAdders\lab2_4_ThreeBitAdder\lab2_4_ThreeBitAdder.xpr
# Log file: C:/Users/Mert Akin/Documents/GITHUB/lab2-7segDisplayofAdders/lab2_4_ThreeBitAdder/vivado.log
# Journal file: C:/Users/Mert Akin/Documents/GITHUB/lab2-7segDisplayofAdders/lab2_4_ThreeBitAdder\vivado.jou
#-----------------------------------------------------------
start_gui
open_project {C:/Users/Mert Akin/Documents/GITHUB/lab2-7segDisplayofAdders/lab2_4_ThreeBitAdder/lab2_4_ThreeBitAdder.xpr}
INFO: [ProjectBase 1-489] The host OS only allows 260 characters in a normal path. The project is stored in a path with more than 80 characters. If you experience issues with IP, Block Designs, or files not being found, please consider moving the project to a location with a shorter path. Alternately consider using the OS subst command to map part of the path to a drive letter.
Current project path is 'C:/Users/Mert Akin/Documents/GITHUB/lab2-7segDisplayofAdders/lab2_4_ThreeBitAdder'
Scanning sources...
Finished scanning sources
WARNING: [filemgmt 56-3] IPUserFilesDir: Could not find the directory 'C:/Users/Mert Akin/Documents/GITHUB/lab2-7segDisplayofAdders/lab2_4_ThreeBitAdder/lab2_4_ThreeBitAdder.ip_user_files'.
INFO: [IP_Flow 19-234] Refreshing IP repositories
INFO: [IP_Flow 19-1704] No user IP repositories specified
INFO: [IP_Flow 19-2313] Loaded Vivado IP repository 'E:/Xilinx/Vivado/2018.3/data/ip'.
open_project: Time (s): cpu = 00:00:17 ; elapsed = 00:00:17 . Memory (MB): peak = 704.234 ; gain = 122.195
update_compile_order -fileset sources_1
open_run synth_1 -name synth_1
Design is defaulting to impl run constrset: constrs_1
Design is defaulting to synth run part: xc7a100tcsg324-1
INFO: [Project 1-479] Netlist was created with Vivado 2018.3
INFO: [Device 21-403] Loading part xc7a100tcsg324-1
INFO: [Project 1-570] Preparing netlist for logic optimization
Parsing XDC File [C:/Users/Mert Akin/Documents/GITHUB/lab2-7segDisplayofAdders/lab2_4_ThreeBitAdder/lab2_4_ThreeBitAdder.srcs/constrs_1/imports/lab2_4_ThreeBitAdder/Nexys4DDR_Master.xdc]
Finished Parsing XDC File [C:/Users/Mert Akin/Documents/GITHUB/lab2-7segDisplayofAdders/lab2_4_ThreeBitAdder/lab2_4_ThreeBitAdder.srcs/constrs_1/imports/lab2_4_ThreeBitAdder/Nexys4DDR_Master.xdc]
INFO: [Opt 31-138] Pushed 0 inverter(s) to 0 load pin(s).
Netlist sorting complete. Time (s): cpu = 00:00:00 ; elapsed = 00:00:00 . Memory (MB): peak = 986.551 ; gain = 0.000
INFO: [Project 1-111] Unisim Transformation Summary:
No Unisim elements were transformed.

open_run: Time (s): cpu = 00:00:30 ; elapsed = 00:00:22 . Memory (MB): peak = 1120.195 ; gain = 401.953
report_utilization -name utilization_1
exit
INFO: [Common 17-206] Exiting Vivado at Thu Feb 14 14:01:41 2019...
