#-----------------------------------------------------------
# Vivado v2018.3 (64-bit)
# SW Build 2405991 on Thu Dec  6 23:38:27 MST 2018
# IP Build 2404404 on Fri Dec  7 01:43:56 MST 2018
# Start of session at: Thu Feb  7 16:18:31 2019
# Process ID: 51272
# Current directory: C:/Users/Mert Akin/Documents/GITHUB/lab2-7segDisplayofAdders/lab2_4_ThreeBitAdder
# Command line: vivado.exe -gui_launcher_event rodinguilauncherevent52976 C:\Users\Mert Akin\Documents\GITHUB\lab2-7segDisplayofAdders\lab2_4_ThreeBitAdder\lab2_4_ThreeBitAdder.xpr
# Log file: C:/Users/Mert Akin/Documents/GITHUB/lab2-7segDisplayofAdders/lab2_4_ThreeBitAdder/vivado.log
# Journal file: C:/Users/Mert Akin/Documents/GITHUB/lab2-7segDisplayofAdders/lab2_4_ThreeBitAdder\vivado.jou
#-----------------------------------------------------------
start_gui
open_project {C:/Users/Mert Akin/Documents/GITHUB/lab2-7segDisplayofAdders/lab2_4_ThreeBitAdder/lab2_4_ThreeBitAdder.xpr}
INFO: [ProjectBase 1-489] The host OS only allows 260 characters in a normal path. The project is stored in a path with more than 80 characters. If you experience issues with IP, Block Designs, or files not being found, please consider moving the project to a location with a shorter path. Alternately consider using the OS subst command to map part of the path to a drive letter.
Current project path is 'C:/Users/Mert Akin/Documents/GITHUB/lab2-7segDisplayofAdders/lab2_4_ThreeBitAdder'
INFO: [Project 1-313] Project file moved from 'C:/Users/FoersterGame/Documents/GitHub/ENES247/lab2-7segDisplayofAdders/lab2_4_ThreeBitAdder' since last save.
Scanning sources...
Finished scanning sources
WARNING: [filemgmt 56-2] IPUserFilesDir: Could not find the directory 'C:/Users/Mert Akin/Documents/GITHUB/lab2-7segDisplayofAdders/lab2_4_ThreeBitAdder/lab2_4_ThreeBitAdder.ip_user_files', nor could it be found using path 'C:/Users/FoersterGame/Documents/GitHub/ENES247/lab2-7segDisplayofAdders/lab2_4_ThreeBitAdder/lab2_4_ThreeBitAdder.ip_user_files'.
CRITICAL WARNING: [Board 49-67] The board_part definition was not found for digilentinc.com:nexys4_ddr:part0:1.1. This can happen sometimes when you use custom board part. You can resolve this issue by setting 'board.repoPaths' parameter, pointing to the location of custom board files. Valid board_part values can be retrieved with the 'get_board_parts' Tcl command.
INFO: [IP_Flow 19-234] Refreshing IP repositories
INFO: [IP_Flow 19-1704] No user IP repositories specified
INFO: [IP_Flow 19-2313] Loaded Vivado IP repository 'E:/Xilinx/Vivado/2018.3/data/ip'.
open_project: Time (s): cpu = 00:00:18 ; elapsed = 00:00:08 . Memory (MB): peak = 690.059 ; gain = 75.004
update_compile_order -fileset sources_1
synth_design -rtl -name rtl_1
Command: synth_design -rtl -name rtl_1
Starting synth_design
Using part: xc7a100tcsg324-1
Top: hexTo7seg
---------------------------------------------------------------------------------
Starting RTL Elaboration : Time (s): cpu = 00:00:03 ; elapsed = 00:00:03 . Memory (MB): peak = 853.438 ; gain = 74.855
---------------------------------------------------------------------------------
INFO: [Synth 8-6157] synthesizing module 'hexTo7seg' [C:/Users/Mert Akin/Documents/GITHUB/lab2-7segDisplayofAdders/lab2_4_ThreeBitAdder/lab2_4_ThreeBitAdder.srcs/sources_1/imports/lab2_4_ThreeBitAdder/hexTo7seg.v:2]
INFO: [Synth 8-6157] synthesizing module 'hex2bcd' [C:/Users/Mert Akin/Documents/GITHUB/lab2-7segDisplayofAdders/lab2_4_ThreeBitAdder/lab2_4_ThreeBitAdder.srcs/sources_1/imports/lab2_4_ThreeBitAdder/hexToBCD.v:1]
INFO: [Synth 8-6155] done synthesizing module 'hex2bcd' (1#1) [C:/Users/Mert Akin/Documents/GITHUB/lab2-7segDisplayofAdders/lab2_4_ThreeBitAdder/lab2_4_ThreeBitAdder.srcs/sources_1/imports/lab2_4_ThreeBitAdder/hexToBCD.v:1]
INFO: [Synth 8-6157] synthesizing module 'BCDto7segment' [C:/Users/Mert Akin/Documents/GITHUB/lab2-7segDisplayofAdders/lab2_4_ThreeBitAdder/lab2_4_ThreeBitAdder.srcs/sources_1/imports/lab2_4_ThreeBitAdder/BCDto7SegmentDisplay.v:6]
INFO: [Synth 8-6155] done synthesizing module 'BCDto7segment' (2#1) [C:/Users/Mert Akin/Documents/GITHUB/lab2-7segDisplayofAdders/lab2_4_ThreeBitAdder/lab2_4_ThreeBitAdder.srcs/sources_1/imports/lab2_4_ThreeBitAdder/BCDto7SegmentDisplay.v:6]
INFO: [Synth 8-6155] done synthesizing module 'hexTo7seg' (3#1) [C:/Users/Mert Akin/Documents/GITHUB/lab2-7segDisplayofAdders/lab2_4_ThreeBitAdder/lab2_4_ThreeBitAdder.srcs/sources_1/imports/lab2_4_ThreeBitAdder/hexTo7seg.v:2]
WARNING: [Synth 8-3917] design hexTo7seg has port AN[7] driven by constant 1
WARNING: [Synth 8-3917] design hexTo7seg has port AN[6] driven by constant 1
WARNING: [Synth 8-3917] design hexTo7seg has port AN[5] driven by constant 1
WARNING: [Synth 8-3917] design hexTo7seg has port AN[4] driven by constant 1
WARNING: [Synth 8-3917] design hexTo7seg has port AN[3] driven by constant 1
WARNING: [Synth 8-3917] design hexTo7seg has port AN[2] driven by constant 1
WARNING: [Synth 8-3917] design hexTo7seg has port AN[1] driven by constant 1
WARNING: [Synth 8-3917] design hexTo7seg has port AN[0] driven by constant 0
---------------------------------------------------------------------------------
Finished RTL Elaboration : Time (s): cpu = 00:00:03 ; elapsed = 00:00:03 . Memory (MB): peak = 895.352 ; gain = 116.770
---------------------------------------------------------------------------------

Report Check Netlist: 
+------+------------------+-------+---------+-------+------------------+
|      |Item              |Errors |Warnings |Status |Description       |
+------+------------------+-------+---------+-------+------------------+
|1     |multi_driven_nets |      0|        0|Passed |Multi driven nets |
+------+------------------+-------+---------+-------+------------------+
---------------------------------------------------------------------------------
Start Handling Custom Attributes
---------------------------------------------------------------------------------
---------------------------------------------------------------------------------
Finished Handling Custom Attributes : Time (s): cpu = 00:00:03 ; elapsed = 00:00:04 . Memory (MB): peak = 895.352 ; gain = 116.770
---------------------------------------------------------------------------------
---------------------------------------------------------------------------------
Finished RTL Optimization Phase 1 : Time (s): cpu = 00:00:03 ; elapsed = 00:00:04 . Memory (MB): peak = 895.352 ; gain = 116.770
---------------------------------------------------------------------------------
INFO: [Device 21-403] Loading part xc7a100tcsg324-1
INFO: [Project 1-570] Preparing netlist for logic optimization
INFO: [Opt 31-141] Inserted 8 OBUFs to IO ports without IO buffers.

Processing XDC Constraints
Initializing timing engine
Parsing XDC File [C:/Users/Mert Akin/Documents/GITHUB/lab2-7segDisplayofAdders/lab2_4_ThreeBitAdder/lab2_4_ThreeBitAdder.srcs/constrs_1/imports/lab2_4_ThreeBitAdder/Nexys4DDR_Master.xdc]
Finished Parsing XDC File [C:/Users/Mert Akin/Documents/GITHUB/lab2-7segDisplayofAdders/lab2_4_ThreeBitAdder/lab2_4_ThreeBitAdder.srcs/constrs_1/imports/lab2_4_ThreeBitAdder/Nexys4DDR_Master.xdc]
Completed Processing XDC Constraints

INFO: [Opt 31-138] Pushed 0 inverter(s) to 0 load pin(s).
Netlist sorting complete. Time (s): cpu = 00:00:00 ; elapsed = 00:00:00 . Memory (MB): peak = 1175.621 ; gain = 0.000
INFO: [Project 1-111] Unisim Transformation Summary:
No Unisim elements were transformed.

RTL Elaboration Complete:  : Time (s): cpu = 00:00:21 ; elapsed = 00:00:15 . Memory (MB): peak = 1227.867 ; gain = 449.285
11 Infos, 8 Warnings, 0 Critical Warnings and 0 Errors encountered.
synth_design completed successfully
synth_design: Time (s): cpu = 00:00:21 ; elapsed = 00:00:15 . Memory (MB): peak = 1227.867 ; gain = 449.285
reset_run synth_1
launch_runs synth_1 -jobs 4
[Thu Feb  7 16:19:38 2019] Launched synth_1...
Run output will be captured here: C:/Users/Mert Akin/Documents/GITHUB/lab2-7segDisplayofAdders/lab2_4_ThreeBitAdder/lab2_4_ThreeBitAdder.runs/synth_1/runme.log
launch_runs impl_1 -jobs 4
[Thu Feb  7 16:20:43 2019] Launched impl_1...
Run output will be captured here: C:/Users/Mert Akin/Documents/GITHUB/lab2-7segDisplayofAdders/lab2_4_ThreeBitAdder/lab2_4_ThreeBitAdder.runs/impl_1/runme.log
launch_runs impl_1 -to_step write_bitstream -jobs 4
[Thu Feb  7 16:23:43 2019] Launched impl_1...
Run output will be captured here: C:/Users/Mert Akin/Documents/GITHUB/lab2-7segDisplayofAdders/lab2_4_ThreeBitAdder/lab2_4_ThreeBitAdder.runs/impl_1/runme.log
open_hw
connect_hw_server
INFO: [Labtools 27-2285] Connecting to hw_server url TCP:localhost:3121
INFO: [Labtools 27-2222] Launching hw_server...
INFO: [Labtools 27-2221] Launch Output:

****** Xilinx hw_server v2018.3
  **** Build date : Dec  7 2018-00:40:27
    ** Copyright 1986-2018 Xilinx, Inc. All Rights Reserved.


open_hw_target
INFO: [Labtoolstcl 44-466] Opening hw_target localhost:3121/xilinx_tcf/Digilent/210292A6EEBBA
set_property PROGRAM.FILE {C:/Users/Mert Akin/Documents/GITHUB/lab2-7segDisplayofAdders/lab2_4_ThreeBitAdder/lab2_4_ThreeBitAdder.runs/impl_1/hexTo7seg.bit} [get_hw_devices xc7a100t_0]
current_hw_device [get_hw_devices xc7a100t_0]
refresh_hw_device -update_hw_probes false [lindex [get_hw_devices xc7a100t_0] 0]
INFO: [Labtools 27-1434] Device xc7a100t (JTAG device index = 0) is programmed with a design that has no supported debug core(s) in it.
set_property PROBES.FILE {} [get_hw_devices xc7a100t_0]
set_property FULL_PROBES.FILE {} [get_hw_devices xc7a100t_0]
set_property PROGRAM.FILE {C:/Users/Mert Akin/Documents/GITHUB/lab2-7segDisplayofAdders/lab2_4_ThreeBitAdder/lab2_4_ThreeBitAdder.runs/impl_1/hexTo7seg.bit} [get_hw_devices xc7a100t_0]
program_hw_devices [get_hw_devices xc7a100t_0]
INFO: [Labtools 27-3164] End of startup status: HIGH
refresh_hw_device [lindex [get_hw_devices xc7a100t_0] 0]
INFO: [Labtools 27-1434] Device xc7a100t (JTAG device index = 0) is programmed with a design that has no supported debug core(s) in it.
exit
INFO: [Common 17-206] Exiting Vivado at Thu Feb  7 16:41:17 2019...
